<?xml version="1.0" encoding="UTF-8"?>
<!-- Generated by org.testng.reporters.JUnitXMLReporter -->
<testsuite hostname="LAPTOP-Q4VAUUHH" name="pom test" tests="117" failures="1" timestamp="27 May 2018 20:37:22 GMT" time="33.185" errors="0">
  <testcase name="goHome" time="7.869" classname="pomtest.HomeTest"/>
  <testcase name="clickHome" time="1.299" classname="pomtest.HomeTest"/>
  <testcase name="clickManageBatch" time="1.171" classname="pomtest.HomeTest"/>
  <testcase name="clickAssessBatch" time="0.941" classname="pomtest.HomeTest"/>
  <testcase name="clickReports" time="0.247" classname="pomtest.HomeTest"/>
  <testcase name="inputName" time="2.833" classname="pomtest.ManageCreateTest"/>
  <testcase name="selectTraining" time="0.385" classname="pomtest.ManageCreateTest"/>
  <testcase name="selectTraining" time="0.477" classname="pomtest.ManageCreateTest"/>
  <testcase name="selectTraining" time="0.65" classname="pomtest.ManageCreateTest"/>
  <testcase name="selectTraining" time="0.117" classname="pomtest.ManageCreateTest"/>
  <testcase name="selectSkill" time="0.139" classname="pomtest.ManageCreateTest"/>
  <testcase name="selectSkill" time="0.615" classname="pomtest.ManageCreateTest"/>
  <testcase name="selectSkill" time="0.147" classname="pomtest.ManageCreateTest"/>
  <testcase name="selectSkill" time="0.114" classname="pomtest.ManageCreateTest"/>
  <testcase name="selectSkill" time="0.114" classname="pomtest.ManageCreateTest"/>
  <testcase name="selectSkill" time="0.112" classname="pomtest.ManageCreateTest"/>
  <testcase name="selectSkill" time="0.112" classname="pomtest.ManageCreateTest"/>
  <testcase name="selectSkill" time="0.11" classname="pomtest.ManageCreateTest"/>
  <testcase name="selectSkill" time="0.112" classname="pomtest.ManageCreateTest"/>
  <testcase name="selectSkill" time="0.111" classname="pomtest.ManageCreateTest"/>
  <testcase name="selectSkill" time="0.129" classname="pomtest.ManageCreateTest"/>
  <testcase name="selectSkill" time="0.138" classname="pomtest.ManageCreateTest"/>
  <testcase name="selectSkill" time="0.12" classname="pomtest.ManageCreateTest"/>
  <testcase name="selectSkill" time="0.121" classname="pomtest.ManageCreateTest"/>
  <testcase name="selectSkill" time="0.115" classname="pomtest.ManageCreateTest"/>
  <testcase name="selectLocation" time="0.175" classname="pomtest.ManageCreateTest"/>
  <testcase name="selectLocation" time="0.153" classname="pomtest.ManageCreateTest"/>
  <testcase name="selectTrainer" time="0.154" classname="pomtest.ManageCreateTest"/>
  <testcase name="selectTrainer" time="0.155" classname="pomtest.ManageCreateTest"/>
  <testcase name="selectTrainer" time="0.119" classname="pomtest.ManageCreateTest"/>
  <testcase name="selectTrainer" time="0.109" classname="pomtest.ManageCreateTest"/>
  <testcase name="selectTrainer" time="0.126" classname="pomtest.ManageCreateTest"/>
  <testcase name="selectTrainer" time="0.111" classname="pomtest.ManageCreateTest"/>
  <testcase name="selectTrainer" time="0.133" classname="pomtest.ManageCreateTest"/>
  <testcase name="selectTrainer" time="0.115" classname="pomtest.ManageCreateTest"/>
  <testcase name="selectTrainer" time="0.114" classname="pomtest.ManageCreateTest"/>
  <testcase name="selectTrainer" time="0.127" classname="pomtest.ManageCreateTest"/>
  <testcase name="selectTrainer" time="0.116" classname="pomtest.ManageCreateTest"/>
  <testcase name="selectTrainer" time="0.153" classname="pomtest.ManageCreateTest"/>
  <testcase name="selectTrainer" time="0.112" classname="pomtest.ManageCreateTest"/>
  <testcase name="selectTrainer" time="0.11" classname="pomtest.ManageCreateTest"/>
  <testcase name="selectTrainer" time="0.108" classname="pomtest.ManageCreateTest"/>
  <testcase name="selectTrainer" time="0.156" classname="pomtest.ManageCreateTest"/>
  <testcase name="selectTrainer" time="0.173" classname="pomtest.ManageCreateTest"/>
  <testcase name="selectTrainer" time="0.112" classname="pomtest.ManageCreateTest"/>
  <testcase name="selectTrainer" time="0.143" classname="pomtest.ManageCreateTest"/>
  <testcase name="selectTrainer" time="0.121" classname="pomtest.ManageCreateTest"/>
  <testcase name="selectTrainer" time="0.077" classname="pomtest.ManageCreateTest"/>
  <testcase name="selectTrainer" time="0.072" classname="pomtest.ManageCreateTest"/>
  <testcase name="selectTrainer" time="0.104" classname="pomtest.ManageCreateTest"/>
  <testcase name="selectTrainer" time="0.11" classname="pomtest.ManageCreateTest"/>
  <testcase name="selectTrainer" time="0.107" classname="pomtest.ManageCreateTest"/>
  <testcase name="selectTrainer" time="0.11" classname="pomtest.ManageCreateTest"/>
  <testcase name="selectTrainer" time="0.079" classname="pomtest.ManageCreateTest"/>
  <testcase name="selectTrainer" time="0.072" classname="pomtest.ManageCreateTest"/>
  <testcase name="selectTrainer" time="0.074" classname="pomtest.ManageCreateTest"/>
  <testcase name="selectTrainer" time="0.109" classname="pomtest.ManageCreateTest"/>
  <testcase name="selectTrainer" time="0.103" classname="pomtest.ManageCreateTest"/>
  <testcase name="selectTrainer" time="0.106" classname="pomtest.ManageCreateTest"/>
  <testcase name="selectTrainer" time="0.112" classname="pomtest.ManageCreateTest"/>
  <testcase name="selectTrainer" time="0.111" classname="pomtest.ManageCreateTest"/>
  <testcase name="selectTrainer" time="0.112" classname="pomtest.ManageCreateTest"/>
  <testcase name="selectTrainer" time="0.122" classname="pomtest.ManageCreateTest"/>
  <testcase name="selectTrainer" time="0.123" classname="pomtest.ManageCreateTest"/>
  <testcase name="selectTrainer" time="0.12" classname="pomtest.ManageCreateTest"/>
  <testcase name="selectCotrainer" time="0.147" classname="pomtest.ManageCreateTest"/>
  <testcase name="selectCotrainer" time="0.124" classname="pomtest.ManageCreateTest"/>
  <testcase name="selectCotrainer" time="0.119" classname="pomtest.ManageCreateTest"/>
  <testcase name="selectCotrainer" time="0.106" classname="pomtest.ManageCreateTest"/>
  <testcase name="selectCotrainer" time="0.119" classname="pomtest.ManageCreateTest"/>
  <testcase name="selectCotrainer" time="0.111" classname="pomtest.ManageCreateTest"/>
  <testcase name="selectCotrainer" time="0.116" classname="pomtest.ManageCreateTest"/>
  <testcase name="selectCotrainer" time="0.113" classname="pomtest.ManageCreateTest"/>
  <testcase name="selectCotrainer" time="0.124" classname="pomtest.ManageCreateTest"/>
  <testcase name="selectCotrainer" time="0.119" classname="pomtest.ManageCreateTest"/>
  <testcase name="selectCotrainer" time="0.112" classname="pomtest.ManageCreateTest"/>
  <testcase name="selectCotrainer" time="0.139" classname="pomtest.ManageCreateTest"/>
  <testcase name="selectCotrainer" time="0.122" classname="pomtest.ManageCreateTest"/>
  <testcase name="selectCotrainer" time="0.107" classname="pomtest.ManageCreateTest"/>
  <testcase name="selectCotrainer" time="0.106" classname="pomtest.ManageCreateTest"/>
  <testcase name="selectCotrainer" time="0.11" classname="pomtest.ManageCreateTest"/>
  <testcase name="selectCotrainer" time="0.118" classname="pomtest.ManageCreateTest"/>
  <testcase name="selectCotrainer" time="0.109" classname="pomtest.ManageCreateTest"/>
  <testcase name="selectCotrainer" time="0.106" classname="pomtest.ManageCreateTest"/>
  <testcase name="selectCotrainer" time="0.11" classname="pomtest.ManageCreateTest"/>
  <testcase name="selectCotrainer" time="0.079" classname="pomtest.ManageCreateTest"/>
  <testcase name="selectCotrainer" time="0.083" classname="pomtest.ManageCreateTest"/>
  <testcase name="selectCotrainer" time="0.103" classname="pomtest.ManageCreateTest"/>
  <testcase name="selectCotrainer" time="0.112" classname="pomtest.ManageCreateTest"/>
  <testcase name="selectCotrainer" time="0.116" classname="pomtest.ManageCreateTest"/>
  <testcase name="selectCotrainer" time="0.108" classname="pomtest.ManageCreateTest"/>
  <testcase name="selectCotrainer" time="0.066" classname="pomtest.ManageCreateTest"/>
  <testcase name="selectCotrainer" time="0.08" classname="pomtest.ManageCreateTest"/>
  <testcase name="selectCotrainer" time="0.073" classname="pomtest.ManageCreateTest"/>
  <testcase name="selectCotrainer" time="0.109" classname="pomtest.ManageCreateTest"/>
  <testcase name="selectCotrainer" time="0.112" classname="pomtest.ManageCreateTest"/>
  <testcase name="selectCotrainer" time="0.112" classname="pomtest.ManageCreateTest"/>
  <testcase name="selectCotrainer" time="0.109" classname="pomtest.ManageCreateTest"/>
  <testcase name="selectCotrainer" time="0.134" classname="pomtest.ManageCreateTest"/>
  <testcase name="selectCotrainer" time="0.107" classname="pomtest.ManageCreateTest"/>
  <testcase name="selectCotrainer" time="0.107" classname="pomtest.ManageCreateTest"/>
  <testcase name="selectCotrainer" time="0.118" classname="pomtest.ManageCreateTest"/>
  <testcase name="selectCotrainer" time="0.121" classname="pomtest.ManageCreateTest"/>
  <testcase name="selectStart" time="0.267" classname="pomtest.ManageCreateTest"/>
  <testcase name="selectEnd" time="0.149" classname="pomtest.ManageCreateTest"/>
  <testcase name="inputGood" time="0.134" classname="pomtest.ManageCreateTest"/>
  <testcase name="inputPassing" time="0.165" classname="pomtest.ManageCreateTest"/>
  <testcase name="buttonSave" time="0.121" classname="pomtest.ManageCreateTest"/>
  <testcase name="buttonClose" time="1.408" classname="pomtest.ManageCreateTest"/>
  <testcase name="buttonX" time="1.291" classname="pomtest.ManageCreateTest"/>
  <testcase name="clickYear" time="0.074" classname="pomtest.ManageTest"/>
  <testcase name="clickCreateBatch" time="0.878" classname="pomtest.ManageTest"/>
  <testcase name="clickImportBatch" time="0.326" classname="pomtest.ManageTest">
    <failure type="org.openqa.selenium.WebDriverException" message="unknown error: Element &amp;lt;a&amp;gt;...&amp;lt;/a&amp;gt; is not clickable at point (1239, 126). Other element would receive the click: &amp;lt;div class=&amp;quot;modal-backdrop fade&amp;quot;&amp;gt;&amp;lt;/div&amp;gt;
  (Session info: chrome=66.0.3359.181)
  (Driver info: chromedriver=2.38.552522 (437e6fbedfa8762dec75e2c5b3ddb86763dc9dcb),platform=Windows NT 10.0.16299 x86_64) (WARNING: The server did not provide any stacktrace information)
Command duration or timeout: 0 milliseconds
Build info: version: &amp;apos;3.8.1&amp;apos;, revision: &amp;apos;6e95a6684b&amp;apos;, time: &amp;apos;2017-12-01T18:33:54.468Z&amp;apos;
System info: host: &amp;apos;LAPTOP-Q4VAUUHH&amp;apos;, ip: &amp;apos;192.168.0.10&amp;apos;, os.name: &amp;apos;Windows 10&amp;apos;, os.arch: &amp;apos;amd64&amp;apos;, os.version: &amp;apos;10.0&amp;apos;, java.version: &amp;apos;1.8.0_171&amp;apos;
Driver info: org.openqa.selenium.chrome.ChromeDriver
Capabilities {acceptInsecureCerts: false, acceptSslCerts: false, applicationCacheEnabled: false, browserConnectionEnabled: false, browserName: chrome, chrome: {chromedriverVersion: 2.38.552522 (437e6fbedfa876..., userDataDir: C:\Users\andre\AppData\Loca...}, cssSelectorsEnabled: true, databaseEnabled: false, handlesAlerts: true, hasTouchScreen: false, javascriptEnabled: true, locationContextEnabled: true, mobileEmulationEnabled: false, nativeEvents: true, networkConnectionEnabled: false, pageLoadStrategy: normal, platform: XP, platformName: XP, rotatable: false, setWindowRect: true, takesHeapSnapshot: true, takesScreenshot: true, unexpectedAlertBehaviour: , unhandledPromptBehavior: , version: 66.0.3359.181, webStorageEnabled: true}
Session ID: 2ceb52f6b5235ad124d4c85352bb3091">
      <![CDATA[org.openqa.selenium.WebDriverException: unknown error: Element <a>...</a> is not clickable at point (1239, 126). Other element would receive the click: <div class="modal-backdrop fade"></div>
  (Session info: chrome=66.0.3359.181)
  (Driver info: chromedriver=2.38.552522 (437e6fbedfa8762dec75e2c5b3ddb86763dc9dcb),platform=Windows NT 10.0.16299 x86_64) (WARNING: The server did not provide any stacktrace information)
Command duration or timeout: 0 milliseconds
Build info: version: '3.8.1', revision: '6e95a6684b', time: '2017-12-01T18:33:54.468Z'
System info: host: 'LAPTOP-Q4VAUUHH', ip: '192.168.0.10', os.name: 'Windows 10', os.arch: 'amd64', os.version: '10.0', java.version: '1.8.0_171'
Driver info: org.openqa.selenium.chrome.ChromeDriver
Capabilities {acceptInsecureCerts: false, acceptSslCerts: false, applicationCacheEnabled: false, browserConnectionEnabled: false, browserName: chrome, chrome: {chromedriverVersion: 2.38.552522 (437e6fbedfa876..., userDataDir: C:\Users\andre\AppData\Loca...}, cssSelectorsEnabled: true, databaseEnabled: false, handlesAlerts: true, hasTouchScreen: false, javascriptEnabled: true, locationContextEnabled: true, mobileEmulationEnabled: false, nativeEvents: true, networkConnectionEnabled: false, pageLoadStrategy: normal, platform: XP, platformName: XP, rotatable: false, setWindowRect: true, takesHeapSnapshot: true, takesScreenshot: true, unexpectedAlertBehaviour: , unhandledPromptBehavior: , version: 66.0.3359.181, webStorageEnabled: true}
Session ID: 2ceb52f6b5235ad124d4c85352bb3091
	at org.openqa.selenium.remote.ErrorHandler.createThrowable(ErrorHandler.java:214)
	at org.openqa.selenium.remote.ErrorHandler.throwIfResponseFailed(ErrorHandler.java:166)
	at org.openqa.selenium.remote.http.JsonHttpResponseCodec.reconstructValue(JsonHttpResponseCodec.java:40)
	at org.openqa.selenium.remote.http.AbstractHttpResponseCodec.decode(AbstractHttpResponseCodec.java:80)
	at org.openqa.selenium.remote.http.AbstractHttpResponseCodec.decode(AbstractHttpResponseCodec.java:44)
	at org.openqa.selenium.remote.HttpCommandExecutor.execute(HttpCommandExecutor.java:164)
	at org.openqa.selenium.remote.service.DriverCommandExecutor.execute(DriverCommandExecutor.java:83)
	at org.openqa.selenium.remote.RemoteWebDriver.execute(RemoteWebDriver.java:601)
	at org.openqa.selenium.remote.RemoteWebElement.execute(RemoteWebElement.java:279)
	at org.openqa.selenium.remote.RemoteWebElement.click(RemoteWebElement.java:83)
	at pomtest.ManageTest.clickImportBatch(ManageTest.java:62)
... Removed 28 stack frames]]>
    </failure>
  </testcase> <!-- clickImportBatch -->
  <testcase name="listYears" time="0.424" classname="pomtest.ManageYearTest"/>
  <testcase name="listYears" time="0.195" classname="pomtest.ManageYearTest"/>
  <testcase name="listYears" time="0.199" classname="pomtest.ManageYearTest"/>
  <testcase name="listYears" time="0.179" classname="pomtest.ManageYearTest"/>
</testsuite> <!-- pom test -->
