<!DOCTYPE html PUBLIC "-//W3C//DTD XHTML 1.1//EN" "http://www.w3.org/TR/xhtml11/DTD/xhtml11.dtd">
<html xmlns="http://www.w3.org/1999/xhtml"><head><title>TestNG Report</title><style type="text/css">table {margin-bottom:10px;border-collapse:collapse;empty-cells:show}th,td {border:1px solid #009;padding:.25em .5em}th {vertical-align:bottom}td {vertical-align:top}table a {font-weight:bold}.stripe td {background-color: #E6EBF9}.num {text-align:right}.passedodd td {background-color: #3F3}.passedeven td {background-color: #0A0}.skippedodd td {background-color: #DDD}.skippedeven td {background-color: #CCC}.failedodd td,.attn {background-color: #F33}.failedeven td,.stripe .attn {background-color: #D00}.stacktrace {white-space:pre;font-family:monospace}.totop {font-size:85%;text-align:center;border-bottom:2px solid #000}</style></head><body><table><tr><th>Test</th><th># Passed</th><th># Skipped</th><th># Failed</th><th>Time (ms)</th><th>Included Groups</th><th>Excluded Groups</th></tr><tr><th colspan="7">driverchrome</th></tr><tr><td><a href="#t0">driverchrome</a></td><td class="num">0</td><td class="num attn">1</td><td class="num">0</td><td class="num">22</td><td></td><td></td></tr><tr><th colspan="7">pommanagecreate</th></tr><tr class="stripe"><td><a href="#t1">managebatch&gt;createbatch</a></td><td class="num">105</td><td class="num">0</td><td class="num">0</td><td class="num">14,412</td><td></td><td></td></tr><tr><th colspan="7">pommanageyear</th></tr><tr><td><a href="#t2">managebatch&gt;years</a></td><td class="num">4</td><td class="num">0</td><td class="num">0</td><td class="num">1,409</td><td></td><td></td></tr><tr><th colspan="7">pommanagetraineeview</th></tr><tr class="stripe"><td><a href="#t3">managebatch&gt;viewtrainee</a></td><td class="num">21</td><td class="num">0</td><td class="num attn">2</td><td class="num">14,904</td><td></td><td></td></tr><tr><th colspan="7">caliber</th></tr><tr><th colspan="7">pommanage</th></tr><tr><td><a href="#t4">managebatch</a></td><td class="num">3</td><td class="num">0</td><td class="num">0</td><td class="num">2,760</td><td></td><td></td></tr><tr><th colspan="7">pomhome</th></tr><tr class="stripe"><td><a href="#t5">home</a></td><td class="num">5</td><td class="num">0</td><td class="num">0</td><td class="num">14,263</td><td></td><td></td></tr><tr><th>Total</th><th class="num">138</th><th class="num attn">1</th><th class="num attn">2</th><th class="num">47,770</th><th colspan="2"></th></tr></table><table><thead><tr><th>Class</th><th>Method</th><th>Start</th><th>Time (ms)</th></tr></thead><tbody><tr><th colspan="4">driverchrome</th></tr></tbody><tbody id="t0"><tr><th colspan="4">driverchrome &#8212; failed (configuration methods)</th></tr><tr class="failedeven"><td rowspan="1">drivertest.ChromeTest</td><td><a href="#m0">beforeSuite</a></td><td rowspan="1">1527666405356</td><td rowspan="1">0</td></tr><tr><th colspan="4">driverchrome &#8212; skipped (configuration methods)</th></tr><tr class="skippedeven"><td rowspan="1">drivertest.ChromeTest</td><td><a href="#m1">afterSuite</a></td><td rowspan="1">1527666414047</td><td rowspan="1">0</td></tr><tr><th colspan="4">driverchrome &#8212; skipped</th></tr><tr class="skippedeven"><td rowspan="1">drivertest.ChromeTest</td><td><a href="#m2">home</a></td><td rowspan="1">1527666413285</td><td rowspan="1">2</td></tr></tbody><tbody><tr><th colspan="4">pommanagecreate</th></tr></tbody><tbody id="t1"><tr><th colspan="4">managebatch&gt;createbatch &#8212; passed</th></tr><tr class="passedeven"><td rowspan="105">pomtest.ManageCreateTest</td><td><a href="#m3">buttonClose</a></td><td rowspan="1">1527666488130</td><td rowspan="1">1332</td></tr><tr class="passedeven"><td><a href="#m4">buttonSave</a></td><td rowspan="1">1527666488076</td><td rowspan="1">54</td></tr><tr class="passedeven"><td><a href="#m5">buttonX</a></td><td rowspan="1">1527666489463</td><td rowspan="1">1303</td></tr><tr class="passedeven"><td><a href="#m6">inputGood</a></td><td rowspan="1">1527666487675</td><td rowspan="1">293</td></tr><tr class="passedeven"><td><a href="#m7">inputName</a></td><td rowspan="1">1527666476357</td><td rowspan="1">545</td></tr><tr class="passedeven"><td><a href="#m8">inputPassing</a></td><td rowspan="1">1527666487969</td><td rowspan="1">106</td></tr><tr class="passedeven"><td><a href="#m9">selectCotrainer</a></td><td rowspan="38">1527666484897</td><td rowspan="38">98</td></tr><tr class="passedeven"><td><a href="#m10">selectCotrainer</a></td></tr><tr class="passedeven"><td><a href="#m11">selectCotrainer</a></td></tr><tr class="passedeven"><td><a href="#m12">selectCotrainer</a></td></tr><tr class="passedeven"><td><a href="#m13">selectCotrainer</a></td></tr><tr class="passedeven"><td><a href="#m14">selectCotrainer</a></td></tr><tr class="passedeven"><td><a href="#m15">selectCotrainer</a></td></tr><tr class="passedeven"><td><a href="#m16">selectCotrainer</a></td></tr><tr class="passedeven"><td><a href="#m17">selectCotrainer</a></td></tr><tr class="passedeven"><td><a href="#m18">selectCotrainer</a></td></tr><tr class="passedeven"><td><a href="#m19">selectCotrainer</a></td></tr><tr class="passedeven"><td><a href="#m20">selectCotrainer</a></td></tr><tr class="passedeven"><td><a href="#m21">selectCotrainer</a></td></tr><tr class="passedeven"><td><a href="#m22">selectCotrainer</a></td></tr><tr class="passedeven"><td><a href="#m23">selectCotrainer</a></td></tr><tr class="passedeven"><td><a href="#m24">selectCotrainer</a></td></tr><tr class="passedeven"><td><a href="#m25">selectCotrainer</a></td></tr><tr class="passedeven"><td><a href="#m26">selectCotrainer</a></td></tr><tr class="passedeven"><td><a href="#m27">selectCotrainer</a></td></tr><tr class="passedeven"><td><a href="#m28">selectCotrainer</a></td></tr><tr class="passedeven"><td><a href="#m29">selectCotrainer</a></td></tr><tr class="passedeven"><td><a href="#m30">selectCotrainer</a></td></tr><tr class="passedeven"><td><a href="#m31">selectCotrainer</a></td></tr><tr class="passedeven"><td><a href="#m32">selectCotrainer</a></td></tr><tr class="passedeven"><td><a href="#m33">selectCotrainer</a></td></tr><tr class="passedeven"><td><a href="#m34">selectCotrainer</a></td></tr><tr class="passedeven"><td><a href="#m35">selectCotrainer</a></td></tr><tr class="passedeven"><td><a href="#m36">selectCotrainer</a></td></tr><tr class="passedeven"><td><a href="#m37">selectCotrainer</a></td></tr><tr class="passedeven"><td><a href="#m38">selectCotrainer</a></td></tr><tr class="passedeven"><td><a href="#m39">selectCotrainer</a></td></tr><tr class="passedeven"><td><a href="#m40">selectCotrainer</a></td></tr><tr class="passedeven"><td><a href="#m41">selectCotrainer</a></td></tr><tr class="passedeven"><td><a href="#m42">selectCotrainer</a></td></tr><tr class="passedeven"><td><a href="#m43">selectCotrainer</a></td></tr><tr class="passedeven"><td><a href="#m44">selectCotrainer</a></td></tr><tr class="passedeven"><td><a href="#m45">selectCotrainer</a></td></tr><tr class="passedeven"><td><a href="#m46">selectCotrainer</a></td></tr><tr class="passedeven"><td><a href="#m47">selectEnd</a></td><td rowspan="1">1527666487545</td><td rowspan="1">129</td></tr><tr class="passedeven"><td><a href="#m48">selectLocation</a></td><td rowspan="2">1527666478937</td><td rowspan="2">148</td></tr><tr class="passedeven"><td><a href="#m49">selectLocation</a></td></tr><tr class="passedeven"><td><a href="#m50">selectSkill</a></td><td rowspan="15">1527666477963</td><td rowspan="15">90</td></tr><tr class="passedeven"><td><a href="#m51">selectSkill</a></td></tr><tr class="passedeven"><td><a href="#m52">selectSkill</a></td></tr><tr class="passedeven"><td><a href="#m53">selectSkill</a></td></tr><tr class="passedeven"><td><a href="#m54">selectSkill</a></td></tr><tr class="passedeven"><td><a href="#m55">selectSkill</a></td></tr><tr class="passedeven"><td><a href="#m56">selectSkill</a></td></tr><tr class="passedeven"><td><a href="#m57">selectSkill</a></td></tr><tr class="passedeven"><td><a href="#m58">selectSkill</a></td></tr><tr class="passedeven"><td><a href="#m59">selectSkill</a></td></tr><tr class="passedeven"><td><a href="#m60">selectSkill</a></td></tr><tr class="passedeven"><td><a href="#m61">selectSkill</a></td></tr><tr class="passedeven"><td><a href="#m62">selectSkill</a></td></tr><tr class="passedeven"><td><a href="#m63">selectSkill</a></td></tr><tr class="passedeven"><td><a href="#m64">selectSkill</a></td></tr><tr class="passedeven"><td><a href="#m65">selectStart</a></td><td rowspan="1">1527666487254</td><td rowspan="1">280</td></tr><tr class="passedeven"><td><a href="#m66">selectTrainer</a></td><td rowspan="38">1527666483444</td><td rowspan="38">92</td></tr><tr class="passedeven"><td><a href="#m67">selectTrainer</a></td></tr><tr class="passedeven"><td><a href="#m68">selectTrainer</a></td></tr><tr class="passedeven"><td><a href="#m69">selectTrainer</a></td></tr><tr class="passedeven"><td><a href="#m70">selectTrainer</a></td></tr><tr class="passedeven"><td><a href="#m71">selectTrainer</a></td></tr><tr class="passedeven"><td><a href="#m72">selectTrainer</a></td></tr><tr class="passedeven"><td><a href="#m73">selectTrainer</a></td></tr><tr class="passedeven"><td><a href="#m74">selectTrainer</a></td></tr><tr class="passedeven"><td><a href="#m75">selectTrainer</a></td></tr><tr class="passedeven"><td><a href="#m76">selectTrainer</a></td></tr><tr class="passedeven"><td><a href="#m77">selectTrainer</a></td></tr><tr class="passedeven"><td><a href="#m78">selectTrainer</a></td></tr><tr class="passedeven"><td><a href="#m79">selectTrainer</a></td></tr><tr class="passedeven"><td><a href="#m80">selectTrainer</a></td></tr><tr class="passedeven"><td><a href="#m81">selectTrainer</a></td></tr><tr class="passedeven"><td><a href="#m82">selectTrainer</a></td></tr><tr class="passedeven"><td><a href="#m83">selectTrainer</a></td></tr><tr class="passedeven"><td><a href="#m84">selectTrainer</a></td></tr><tr class="passedeven"><td><a href="#m85">selectTrainer</a></td></tr><tr class="passedeven"><td><a href="#m86">selectTrainer</a></td></tr><tr class="passedeven"><td><a href="#m87">selectTrainer</a></td></tr><tr class="passedeven"><td><a href="#m88">selectTrainer</a></td></tr><tr class="passedeven"><td><a href="#m89">selectTrainer</a></td></tr><tr class="passedeven"><td><a href="#m90">selectTrainer</a></td></tr><tr class="passedeven"><td><a href="#m91">selectTrainer</a></td></tr><tr class="passedeven"><td><a href="#m92">selectTrainer</a></td></tr><tr class="passedeven"><td><a href="#m93">selectTrainer</a></td></tr><tr class="passedeven"><td><a href="#m94">selectTrainer</a></td></tr><tr class="passedeven"><td><a href="#m95">selectTrainer</a></td></tr><tr class="passedeven"><td><a href="#m96">selectTrainer</a></td></tr><tr class="passedeven"><td><a href="#m97">selectTrainer</a></td></tr><tr class="passedeven"><td><a href="#m98">selectTrainer</a></td></tr><tr class="passedeven"><td><a href="#m99">selectTrainer</a></td></tr><tr class="passedeven"><td><a href="#m100">selectTrainer</a></td></tr><tr class="passedeven"><td><a href="#m101">selectTrainer</a></td></tr><tr class="passedeven"><td><a href="#m102">selectTrainer</a></td></tr><tr class="passedeven"><td><a href="#m103">selectTrainer</a></td></tr><tr class="passedeven"><td><a href="#m104">selectTraining</a></td><td rowspan="4">1527666477064</td><td rowspan="4">148</td></tr><tr class="passedeven"><td><a href="#m105">selectTraining</a></td></tr><tr class="passedeven"><td><a href="#m106">selectTraining</a></td></tr><tr class="passedeven"><td><a href="#m107">selectTraining</a></td></tr></tbody><tbody><tr><th colspan="4">pommanageyear</th></tr></tbody><tbody id="t2"><tr><th colspan="4">managebatch&gt;years &#8212; passed</th></tr><tr class="passedeven"><td rowspan="4">pomtest.ManageYearTest</td><td><a href="#m108">listYears</a></td><td rowspan="4">1527666463860</td><td rowspan="4">175</td></tr><tr class="passedeven"><td><a href="#m109">listYears</a></td></tr><tr class="passedeven"><td><a href="#m110">listYears</a></td></tr><tr class="passedeven"><td><a href="#m111">listYears</a></td></tr></tbody><tbody><tr><th colspan="4">pommanagetraineeview</th></tr></tbody><tbody id="t3"><tr><th colspan="4">managebatch&gt;viewtrainee &#8212; failed</th></tr><tr class="failedeven"><td rowspan="2">pomtest.ManageTraineeViewTest</td><td><a href="#m112">close</a></td><td rowspan="1">1527666507965</td><td rowspan="1">5322</td></tr><tr class="failedeven"><td><a href="#m113">x</a></td><td rowspan="1">1527666513292</td><td rowspan="1">5214</td></tr><tr><th colspan="4">managebatch&gt;viewtrainee &#8212; passed</th></tr><tr class="passedeven"><td rowspan="21">pomtest.ManageTraineeViewTest</td><td><a href="#m114">inputCollege</a></td><td rowspan="1">1527666506204</td><td rowspan="1">124</td></tr><tr class="passedeven"><td><a href="#m115">inputDegree</a></td><td rowspan="1">1527666506329</td><td rowspan="1">132</td></tr><tr class="passedeven"><td><a href="#m116">inputEmail</a></td><td rowspan="1">1527666505373</td><td rowspan="1">404</td></tr><tr class="passedeven"><td><a href="#m117">inputMajor</a></td><td rowspan="1">1527666506462</td><td rowspan="1">129</td></tr><tr class="passedeven"><td><a href="#m118">inputName</a></td><td rowspan="1">1527666504840</td><td rowspan="1">532</td></tr><tr class="passedeven"><td><a href="#m119">inputPhone</a></td><td rowspan="1">1527666505926</td><td rowspan="1">277</td></tr><tr class="passedeven"><td><a href="#m120">inputProject</a></td><td rowspan="1">1527666507050</td><td rowspan="1">89</td></tr><tr class="passedeven"><td><a href="#m121">inputRecruiter</a></td><td rowspan="1">1527666506592</td><td rowspan="1">216</td></tr><tr class="passedeven"><td><a href="#m122">inputSkype</a></td><td rowspan="1">1527666505778</td><td rowspan="1">147</td></tr><tr class="passedeven"><td><a href="#m123">inputTech</a></td><td rowspan="1">1527666506809</td><td rowspan="1">239</td></tr><tr class="passedeven"><td><a href="#m124">save</a></td><td rowspan="1">1527666507926</td><td rowspan="1">38</td></tr><tr class="passedeven"><td><a href="#m125">selectTraining</a></td><td rowspan="7">1527666507718</td><td rowspan="7">96</td></tr><tr class="passedeven"><td><a href="#m126">selectTraining</a></td></tr><tr class="passedeven"><td><a href="#m127">selectTraining</a></td></tr><tr class="passedeven"><td><a href="#m128">selectTraining</a></td></tr><tr class="passedeven"><td><a href="#m129">selectTraining</a></td></tr><tr class="passedeven"><td><a href="#m130">selectTraining</a></td></tr><tr class="passedeven"><td><a href="#m131">selectTraining</a></td></tr><tr class="passedeven"><td><a href="#m132">traineeActive</a></td><td rowspan="1">1527666503782</td><td rowspan="1">905</td></tr><tr class="passedeven"><td><a href="#m133">traineeAdd</a></td><td rowspan="1">1527666504688</td><td rowspan="1">152</td></tr><tr class="passedeven"><td><a href="#m134">traineeView</a></td><td rowspan="1">1527666503605</td><td rowspan="1">176</td></tr></tbody><tbody><tr><th colspan="4">caliber</th></tr></tbody><tbody><tr><th colspan="4">pommanage</th></tr></tbody><tbody id="t4"><tr><th colspan="4">managebatch &#8212; passed</th></tr><tr class="passedeven"><td rowspan="3">pomtest.ManageTest</td><td><a href="#m135">clickCreateBatch</a></td><td rowspan="1">1527666447944</td><td rowspan="1">950</td></tr><tr class="passedeven"><td><a href="#m136">clickImportBatch</a></td><td rowspan="1">1527666448896</td><td rowspan="1">1407</td></tr><tr class="passedeven"><td><a href="#m137">clickYear</a></td><td rowspan="1">1527666447551</td><td rowspan="1">391</td></tr></tbody><tbody><tr><th colspan="4">pomhome</th></tr></tbody><tbody id="t5"><tr><th colspan="4">home &#8212; passed</th></tr><tr class="passedeven"><td rowspan="5">pomtest.HomeTest</td><td><a href="#m138">clickAssessBatch</a></td><td rowspan="1">1527666436098</td><td rowspan="1">643</td></tr><tr class="passedeven"><td><a href="#m139">clickHome</a></td><td rowspan="1">1527666432464</td><td rowspan="1">2581</td></tr><tr class="passedeven"><td><a href="#m140">clickManageBatch</a></td><td rowspan="1">1527666435046</td><td rowspan="1">1048</td></tr><tr class="passedeven"><td><a href="#m141">clickReports</a></td><td rowspan="1">1527666436743</td><td rowspan="1">308</td></tr><tr class="passedeven"><td><a href="#m142">goHome</a></td><td rowspan="1">1527666422795</td><td rowspan="1">9668</td></tr></tbody></table><h2>driverchrome</h2><h3 id="m0">drivertest.ChromeTest#beforeSuite</h3><table class="result"><tr><th>Messages</th></tr><tr><td><div class="messages">About to begin executing Test driverchrome<br/>About to begin executing following method : ChromeTest.home<br/>Completed executing following method : ChromeTest.home<br/>Test Method resides in drivertest.ChromeTest<br/>Test Status: Skipped</div></td></tr><tr><th>Exception</th></tr><tr><td><div class="stacktrace">java.lang.NullPointerException
	at listener.Listener.afterInvocation(Listener.java:134)
... Removed 17 stack frames</div></td></tr></table><p class="totop"><a href="#summary">back to summary</a></p><h3 id="m1">drivertest.ChromeTest#afterSuite</h3><table class="result"></table><p class="totop"><a href="#summary">back to summary</a></p><h3 id="m2">drivertest.ChromeTest#home</h3><table class="result"></table><p class="totop"><a href="#summary">back to summary</a></p><h2>managebatch&gt;createbatch</h2><h3 id="m3">pomtest.ManageCreateTest#buttonClose</h3><table class="result"><tr><th>Messages</th></tr><tr><td><div class="messages">Completed executing following method : ManageCreateTest.buttonClose<br/>Test Method resides in pomtest.ManageCreateTest<br/>Test Status: Pass</div></td></tr></table><p class="totop"><a href="#summary">back to summary</a></p><h3 id="m4">pomtest.ManageCreateTest#buttonSave</h3><table class="result"><tr><th>Messages</th></tr><tr><td><div class="messages">Completed executing following method : ManageCreateTest.buttonSave<br/>Test Method resides in pomtest.ManageCreateTest<br/>Test Status: Pass</div></td></tr></table><p class="totop"><a href="#summary">back to summary</a></p><h3 id="m5">pomtest.ManageCreateTest#buttonX</h3><table class="result"><tr><th>Messages</th></tr><tr><td><div class="messages">Completed executing following method : ManageCreateTest.buttonX<br/>Test Method resides in pomtest.ManageCreateTest<br/>Test Status: Pass</div></td></tr></table><p class="totop"><a href="#summary">back to summary</a></p><h3 id="m6">pomtest.ManageCreateTest#inputGood</h3><table class="result"><tr><th>Messages</th></tr><tr><td><div class="messages">Completed executing following method : ManageCreateTest.inputGood<br/>Test Method resides in pomtest.ManageCreateTest<br/>Test Status: Pass</div></td></tr></table><p class="totop"><a href="#summary">back to summary</a></p><h3 id="m7">pomtest.ManageCreateTest#inputName</h3><table class="result"><tr><th>Messages</th></tr><tr><td><div class="messages">Completed executing following method : ManageCreateTest.inputName<br/>Test Method resides in pomtest.ManageCreateTest<br/>Test Status: Pass</div></td></tr></table><p class="totop"><a href="#summary">back to summary</a></p><h3 id="m8">pomtest.ManageCreateTest#inputPassing</h3><table class="result"><tr><th>Messages</th></tr><tr><td><div class="messages">Completed executing following method : ManageCreateTest.inputPassing<br/>Test Method resides in pomtest.ManageCreateTest<br/>Test Status: Pass</div></td></tr></table><p class="totop"><a href="#summary">back to summary</a></p><h3 id="m9">pomtest.ManageCreateTest#selectCotrainer</h3><table class="result"><tr class="param"><th>Parameter #1</th></tr><tr class="param stripe"><td>Taylor Kemper</td></tr><tr><th>Messages</th></tr><tr><td><div class="messages">Completed executing following method : ManageCreateTest.selectCotrainer<br/>Test Method resides in pomtest.ManageCreateTest<br/>Test Method had the following parameters : nullTaylor Kemper,<br/>Test Status: Pass</div></td></tr></table><p class="totop"><a href="#summary">back to summary</a></p><h3 id="m10">pomtest.ManageCreateTest#selectCotrainer</h3><table class="result"><tr class="param"><th>Parameter #1</th></tr><tr class="param stripe"><td>Kermit Frog</td></tr><tr><th>Messages</th></tr><tr><td><div class="messages">Completed executing following method : ManageCreateTest.selectCotrainer<br/>Test Method resides in pomtest.ManageCreateTest<br/>Test Method had the following parameters : nullKermit Frog,<br/>Test Status: Pass</div></td></tr></table><p class="totop"><a href="#summary">back to summary</a></p><h3 id="m11">pomtest.ManageCreateTest#selectCotrainer</h3><table class="result"><tr class="param"><th>Parameter #1</th></tr><tr class="param stripe"><td>Nickolas Jurczak</td></tr><tr><th>Messages</th></tr><tr><td><div class="messages">Completed executing following method : ManageCreateTest.selectCotrainer<br/>Test Method resides in pomtest.ManageCreateTest<br/>Test Method had the following parameters : nullNickolas Jurczak,<br/>Test Status: Pass</div></td></tr></table><p class="totop"><a href="#summary">back to summary</a></p><h3 id="m12">pomtest.ManageCreateTest#selectCotrainer</h3><table class="result"><tr class="param"><th>Parameter #1</th></tr><tr class="param stripe"><td>Orson Wallace</td></tr><tr><th>Messages</th></tr><tr><td><div class="messages">Completed executing following method : ManageCreateTest.selectCotrainer<br/>Test Method resides in pomtest.ManageCreateTest<br/>Test Method had the following parameters : nullOrson Wallace,<br/>Test Status: Pass</div></td></tr></table><p class="totop"><a href="#summary">back to summary</a></p><h3 id="m13">pomtest.ManageCreateTest#selectCotrainer</h3><table class="result"><tr class="param"><th>Parameter #1</th></tr><tr class="param stripe"><td>Natalie Church</td></tr><tr><th>Messages</th></tr><tr><td><div class="messages">Completed executing following method : ManageCreateTest.selectCotrainer<br/>Test Method resides in pomtest.ManageCreateTest<br/>Test Method had the following parameters : nullNatalie Church,<br/>Test Status: Pass</div></td></tr></table><p class="totop"><a href="#summary">back to summary</a></p><h3 id="m14">pomtest.ManageCreateTest#selectCotrainer</h3><table class="result"><tr class="param"><th>Parameter #1</th></tr><tr class="param stripe"><td>Brian Connolly</td></tr><tr><th>Messages</th></tr><tr><td><div class="messages">Completed executing following method : ManageCreateTest.selectCotrainer<br/>Test Method resides in pomtest.ManageCreateTest<br/>Test Method had the following parameters : nullBrian Connolly,<br/>Test Status: Pass</div></td></tr></table><p class="totop"><a href="#summary">back to summary</a></p><h3 id="m15">pomtest.ManageCreateTest#selectCotrainer</h3><table class="result"><tr class="param"><th>Parameter #1</th></tr><tr class="param stripe"><td>Ankit Garg</td></tr><tr><th>Messages</th></tr><tr><td><div class="messages">Completed executing following method : ManageCreateTest.selectCotrainer<br/>Test Method resides in pomtest.ManageCreateTest<br/>Test Method had the following parameters : nullAnkit Garg,<br/>Test Status: Pass</div></td></tr></table><p class="totop"><a href="#summary">back to summary</a></p><h3 id="m16">pomtest.ManageCreateTest#selectCotrainer</h3><table class="result"><tr class="param"><th>Parameter #1</th></tr><tr class="param stripe"><td>Gray Wynne</td></tr><tr><th>Messages</th></tr><tr><td><div class="messages">Completed executing following method : ManageCreateTest.selectCotrainer<br/>Test Method resides in pomtest.ManageCreateTest<br/>Test Method had the following parameters : nullGray Wynne,<br/>Test Status: Pass</div></td></tr></table><p class="totop"><a href="#summary">back to summary</a></p><h3 id="m17">pomtest.ManageCreateTest#selectCotrainer</h3><table class="result"><tr class="param"><th>Parameter #1</th></tr><tr class="param stripe"><td>Peter Alagna</td></tr><tr><th>Messages</th></tr><tr><td><div class="messages">Completed executing following method : ManageCreateTest.selectCotrainer<br/>Test Method resides in pomtest.ManageCreateTest<br/>Test Method had the following parameters : nullPeter Alagna,<br/>Test Status: Pass</div></td></tr></table><p class="totop"><a href="#summary">back to summary</a></p><h3 id="m18">pomtest.ManageCreateTest#selectCotrainer</h3><table class="result"><tr class="param"><th>Parameter #1</th></tr><tr class="param stripe"><td>Archer Radcliff</td></tr><tr><th>Messages</th></tr><tr><td><div class="messages">Completed executing following method : ManageCreateTest.selectCotrainer<br/>Test Method resides in pomtest.ManageCreateTest<br/>Test Method had the following parameters : nullArcher Radcliff,<br/>Test Status: Pass</div></td></tr></table><p class="totop"><a href="#summary">back to summary</a></p><h3 id="m19">pomtest.ManageCreateTest#selectCotrainer</h3><table class="result"><tr class="param"><th>Parameter #1</th></tr><tr class="param stripe"><td>Fred Belotte</td></tr><tr><th>Messages</th></tr><tr><td><div class="messages">Completed executing following method : ManageCreateTest.selectCotrainer<br/>Test Method resides in pomtest.ManageCreateTest<br/>Test Method had the following parameters : nullFred Belotte,<br/>Test Status: Pass</div></td></tr></table><p class="totop"><a href="#summary">back to summary</a></p><h3 id="m20">pomtest.ManageCreateTest#selectCotrainer</h3><table class="result"><tr class="param"><th>Parameter #1</th></tr><tr class="param stripe"><td>Steven Kelsey</td></tr><tr><th>Messages</th></tr><tr><td><div class="messages">Completed executing following method : ManageCreateTest.selectCotrainer<br/>Test Method resides in pomtest.ManageCreateTest<br/>Test Method had the following parameters : nullSteven Kelsey,<br/>Test Status: Pass</div></td></tr></table><p class="totop"><a href="#summary">back to summary</a></p><h3 id="m21">pomtest.ManageCreateTest#selectCotrainer</h3><table class="result"><tr class="param"><th>Parameter #1</th></tr><tr class="param stripe"><td>Ryan Lessley</td></tr><tr><th>Messages</th></tr><tr><td><div class="messages">Completed executing following method : ManageCreateTest.selectCotrainer<br/>Test Method resides in pomtest.ManageCreateTest<br/>Test Method had the following parameters : nullRyan Lessley,<br/>Test Status: Pass</div></td></tr></table><p class="totop"><a href="#summary">back to summary</a></p><h3 id="m22">pomtest.ManageCreateTest#selectCotrainer</h3><table class="result"><tr class="param"><th>Parameter #1</th></tr><tr class="param stripe"><td>Raghavan Swaminathan</td></tr><tr><th>Messages</th></tr><tr><td><div class="messages">Completed executing following method : ManageCreateTest.selectCotrainer<br/>Test Method resides in pomtest.ManageCreateTest<br/>Test Method had the following parameters : nullRaghavan Swaminathan,<br/>Test Status: Pass</div></td></tr></table><p class="totop"><a href="#summary">back to summary</a></p><h3 id="m23">pomtest.ManageCreateTest#selectCotrainer</h3><table class="result"><tr class="param"><th>Parameter #1</th></tr><tr class="param stripe"><td>123</td></tr><tr><th>Messages</th></tr><tr><td><div class="messages">Completed executing following method : ManageCreateTest.selectCotrainer<br/>Test Method resides in pomtest.ManageCreateTest<br/>Test Method had the following parameters : null123,<br/>Test Status: Pass</div></td></tr></table><p class="totop"><a href="#summary">back to summary</a></p><h3 id="m24">pomtest.ManageCreateTest#selectCotrainer</h3><table class="result"><tr class="param"><th>Parameter #1</th></tr><tr class="param stripe"><td>Name</td></tr><tr><th>Messages</th></tr><tr><td><div class="messages">Completed executing following method : ManageCreateTest.selectCotrainer<br/>Test Method resides in pomtest.ManageCreateTest<br/>Test Method had the following parameters : nullName,<br/>Test Status: Pass</div></td></tr></table><p class="totop"><a href="#summary">back to summary</a></p><h3 id="m25">pomtest.ManageCreateTest#selectCotrainer</h3><table class="result"><tr class="param"><th>Parameter #1</th></tr><tr class="param stripe"><td>Patrick Walsh</td></tr><tr><th>Messages</th></tr><tr><td><div class="messages">Completed executing following method : ManageCreateTest.selectCotrainer<br/>Test Method resides in pomtest.ManageCreateTest<br/>Test Method had the following parameters : nullPatrick Walsh,<br/>Test Status: Pass</div></td></tr></table><p class="totop"><a href="#summary">back to summary</a></p><h3 id="m26">pomtest.ManageCreateTest#selectCotrainer</h3><table class="result"><tr class="param"><th>Parameter #1</th></tr><tr class="param stripe"><td>Gray Wynne</td></tr><tr><th>Messages</th></tr><tr><td><div class="messages">Completed executing following method : ManageCreateTest.selectCotrainer<br/>Test Method resides in pomtest.ManageCreateTest<br/>Test Method had the following parameters : nullGray Wynne,<br/>Test Status: Pass</div></td></tr></table><p class="totop"><a href="#summary">back to summary</a></p><h3 id="m27">pomtest.ManageCreateTest#selectCotrainer</h3><table class="result"><tr class="param"><th>Parameter #1</th></tr><tr class="param stripe"><td>Shelby Levinson</td></tr><tr><th>Messages</th></tr><tr><td><div class="messages">Completed executing following method : ManageCreateTest.selectCotrainer<br/>Test Method resides in pomtest.ManageCreateTest<br/>Test Method had the following parameters : nullShelby Levinson,<br/>Test Status: Pass</div></td></tr></table><p class="totop"><a href="#summary">back to summary</a></p><h3 id="m28">pomtest.ManageCreateTest#selectCotrainer</h3><table class="result"><tr class="param"><th>Parameter #1</th></tr><tr class="param stripe"><td>Emily Higgins</td></tr><tr><th>Messages</th></tr><tr><td><div class="messages">Completed executing following method : ManageCreateTest.selectCotrainer<br/>Test Method resides in pomtest.ManageCreateTest<br/>Test Method had the following parameters : nullEmily Higgins,<br/>Test Status: Pass</div></td></tr></table><p class="totop"><a href="#summary">back to summary</a></p><h3 id="m29">pomtest.ManageCreateTest#selectCotrainer</h3><table class="result"><tr class="param"><th>Parameter #1</th></tr><tr class="param stripe"><td>Karan Dhirar</td></tr><tr><th>Messages</th></tr><tr><td><div class="messages">Completed executing following method : ManageCreateTest.selectCotrainer<br/>Test Method resides in pomtest.ManageCreateTest<br/>Test Method had the following parameters : nullKaran Dhirar,<br/>Test Status: Pass</div></td></tr></table><p class="totop"><a href="#summary">back to summary</a></p><h3 id="m30">pomtest.ManageCreateTest#selectCotrainer</h3><table class="result"><tr class="param"><th>Parameter #1</th></tr><tr class="param stripe"><td>Yuvaraj Damodaran</td></tr><tr><th>Messages</th></tr><tr><td><div class="messages">Completed executing following method : ManageCreateTest.selectCotrainer<br/>Test Method resides in pomtest.ManageCreateTest<br/>Test Method had the following parameters : nullYuvaraj Damodaran,<br/>Test Status: Pass</div></td></tr></table><p class="totop"><a href="#summary">back to summary</a></p><h3 id="m31">pomtest.ManageCreateTest#selectCotrainer</h3><table class="result"><tr class="param"><th>Parameter #1</th></tr><tr class="param stripe"><td>Walter Payne</td></tr><tr><th>Messages</th></tr><tr><td><div class="messages">Completed executing following method : ManageCreateTest.selectCotrainer<br/>Test Method resides in pomtest.ManageCreateTest<br/>Test Method had the following parameters : nullWalter Payne,<br/>Test Status: Pass</div></td></tr></table><p class="totop"><a href="#summary">back to summary</a></p><h3 id="m32">pomtest.ManageCreateTest#selectCotrainer</h3><table class="result"><tr class="param"><th>Parameter #1</th></tr><tr class="param stripe"><td>Rajesh Yamunachari</td></tr><tr><th>Messages</th></tr><tr><td><div class="messages">Completed executing following method : ManageCreateTest.selectCotrainer<br/>Test Method resides in pomtest.ManageCreateTest<br/>Test Method had the following parameters : nullRajesh Yamunachari,<br/>Test Status: Pass</div></td></tr></table><p class="totop"><a href="#summary">back to summary</a></p><h3 id="m33">pomtest.ManageCreateTest#selectCotrainer</h3><table class="result"><tr class="param"><th>Parameter #1</th></tr><tr class="param stripe"><td>Peter Alagna</td></tr><tr><th>Messages</th></tr><tr><td><div class="messages">Completed executing following method : ManageCreateTest.selectCotrainer<br/>Test Method resides in pomtest.ManageCreateTest<br/>Test Method had the following parameters : nullPeter Alagna,<br/>Test Status: Pass</div></td></tr></table><p class="totop"><a href="#summary">back to summary</a></p><h3 id="m34">pomtest.ManageCreateTest#selectCotrainer</h3><table class="result"><tr class="param"><th>Parameter #1</th></tr><tr class="param stripe"><td>Orson Wallace</td></tr><tr><th>Messages</th></tr><tr><td><div class="messages">Completed executing following method : ManageCreateTest.selectCotrainer<br/>Test Method resides in pomtest.ManageCreateTest<br/>Test Method had the following parameters : nullOrson Wallace,<br/>Test Status: Pass</div></td></tr></table><p class="totop"><a href="#summary">back to summary</a></p><h3 id="m35">pomtest.ManageCreateTest#selectCotrainer</h3><table class="result"><tr class="param"><th>Parameter #1</th></tr><tr class="param stripe"><td>Genesis Bonds</td></tr><tr><th>Messages</th></tr><tr><td><div class="messages">Completed executing following method : ManageCreateTest.selectCotrainer<br/>Test Method resides in pomtest.ManageCreateTest<br/>Test Method had the following parameters : nullGenesis Bonds,<br/>Test Status: Pass</div></td></tr></table><p class="totop"><a href="#summary">back to summary</a></p><h3 id="m36">pomtest.ManageCreateTest#selectCotrainer</h3><table class="result"><tr class="param"><th>Parameter #1</th></tr><tr class="param stripe"><td>Marvin</td></tr><tr><th>Messages</th></tr><tr><td><div class="messages">Completed executing following method : ManageCreateTest.selectCotrainer<br/>Test Method resides in pomtest.ManageCreateTest<br/>Test Method had the following parameters : nullMarvin,<br/>Test Status: Pass</div></td></tr></table><p class="totop"><a href="#summary">back to summary</a></p><h3 id="m37">pomtest.ManageCreateTest#selectCotrainer</h3><table class="result"><tr class="param"><th>Parameter #1</th></tr><tr class="param stripe"><td>bfs</td></tr><tr><th>Messages</th></tr><tr><td><div class="messages">Completed executing following method : ManageCreateTest.selectCotrainer<br/>Test Method resides in pomtest.ManageCreateTest<br/>Test Method had the following parameters : nullbfs,<br/>Test Status: Pass</div></td></tr></table><p class="totop"><a href="#summary">back to summary</a></p><h3 id="m38">pomtest.ManageCreateTest#selectCotrainer</h3><table class="result"><tr class="param"><th>Parameter #1</th></tr><tr class="param stripe"><td>Dan Pickles</td></tr><tr><th>Messages</th></tr><tr><td><div class="messages">Completed executing following method : ManageCreateTest.selectCotrainer<br/>Test Method resides in pomtest.ManageCreateTest<br/>Test Method had the following parameters : nullDan Pickles,<br/>Test Status: Pass</div></td></tr></table><p class="totop"><a href="#summary">back to summary</a></p><h3 id="m39">pomtest.ManageCreateTest#selectCotrainer</h3><table class="result"><tr class="param"><th>Parameter #1</th></tr><tr class="param stripe"><td>August Duet</td></tr><tr><th>Messages</th></tr><tr><td><div class="messages">Completed executing following method : ManageCreateTest.selectCotrainer<br/>Test Method resides in pomtest.ManageCreateTest<br/>Test Method had the following parameters : nullAugust Duet,<br/>Test Status: Pass</div></td></tr></table><p class="totop"><a href="#summary">back to summary</a></p><h3 id="m40">pomtest.ManageCreateTest#selectCotrainer</h3><table class="result"><tr class="param"><th>Parameter #1</th></tr><tr class="param stripe"><td>!@#$%^&amp;*()</td></tr><tr><th>Messages</th></tr><tr><td><div class="messages">Completed executing following method : ManageCreateTest.selectCotrainer<br/>Test Method resides in pomtest.ManageCreateTest<br/>Test Method had the following parameters : null!@#$%^&amp;*(),<br/>Test Status: Pass</div></td></tr></table><p class="totop"><a href="#summary">back to summary</a></p><h3 id="m41">pomtest.ManageCreateTest#selectCotrainer</h3><table class="result"><tr class="param"><th>Parameter #1</th></tr><tr class="param stripe"><td>Stanley Medikonda</td></tr><tr><th>Messages</th></tr><tr><td><div class="messages">Completed executing following method : ManageCreateTest.selectCotrainer<br/>Test Method resides in pomtest.ManageCreateTest<br/>Test Method had the following parameters : nullStanley Medikonda,<br/>Test Status: Pass</div></td></tr></table><p class="totop"><a href="#summary">back to summary</a></p><h3 id="m42">pomtest.ManageCreateTest#selectCotrainer</h3><table class="result"><tr class="param"><th>Parameter #1</th></tr><tr class="param stripe"><td>Shelby Levinson</td></tr><tr><th>Messages</th></tr><tr><td><div class="messages">Completed executing following method : ManageCreateTest.selectCotrainer<br/>Test Method resides in pomtest.ManageCreateTest<br/>Test Method had the following parameters : nullShelby Levinson,<br/>Test Status: Pass</div></td></tr></table><p class="totop"><a href="#summary">back to summary</a></p><h3 id="m43">pomtest.ManageCreateTest#selectCotrainer</h3><table class="result"><tr class="param"><th>Parameter #1</th></tr><tr class="param stripe"><td>Mehrab Rahman</td></tr><tr><th>Messages</th></tr><tr><td><div class="messages">Completed executing following method : ManageCreateTest.selectCotrainer<br/>Test Method resides in pomtest.ManageCreateTest<br/>Test Method had the following parameters : nullMehrab Rahman,<br/>Test Status: Pass</div></td></tr></table><p class="totop"><a href="#summary">back to summary</a></p><h3 id="m44">pomtest.ManageCreateTest#selectCotrainer</h3><table class="result"><tr class="param"><th>Parameter #1</th></tr><tr class="param stripe"><td>Spongebob Squarepants</td></tr><tr><th>Messages</th></tr><tr><td><div class="messages">Completed executing following method : ManageCreateTest.selectCotrainer<br/>Test Method resides in pomtest.ManageCreateTest<br/>Test Method had the following parameters : nullSpongebob Squarepants,<br/>Test Status: Pass</div></td></tr></table><p class="totop"><a href="#summary">back to summary</a></p><h3 id="m45">pomtest.ManageCreateTest#selectCotrainer</h3><table class="result"><tr class="param"><th>Parameter #1</th></tr><tr class="param stripe"><td>Mehrab Rahman</td></tr><tr><th>Messages</th></tr><tr><td><div class="messages">Completed executing following method : ManageCreateTest.selectCotrainer<br/>Test Method resides in pomtest.ManageCreateTest<br/>Test Method had the following parameters : nullMehrab Rahman,<br/>Test Status: Pass</div></td></tr></table><p class="totop"><a href="#summary">back to summary</a></p><h3 id="m46">pomtest.ManageCreateTest#selectCotrainer</h3><table class="result"><tr class="param"><th>Parameter #1</th></tr><tr class="param stripe"><td>Richard Orr</td></tr><tr><th>Messages</th></tr><tr><td><div class="messages">Completed executing following method : ManageCreateTest.selectCotrainer<br/>Test Method resides in pomtest.ManageCreateTest<br/>Test Method had the following parameters : nullRichard Orr,<br/>Test Status: Pass</div></td></tr></table><p class="totop"><a href="#summary">back to summary</a></p><h3 id="m47">pomtest.ManageCreateTest#selectEnd</h3><table class="result"><tr><th>Messages</th></tr><tr><td><div class="messages">Completed executing following method : ManageCreateTest.selectEnd<br/>Test Method resides in pomtest.ManageCreateTest<br/>Test Status: Pass</div></td></tr></table><p class="totop"><a href="#summary">back to summary</a></p><h3 id="m48">pomtest.ManageCreateTest#selectLocation</h3><table class="result"><tr class="param"><th>Parameter #1</th><th>Parameter #2</th></tr><tr class="param stripe"><td>NY</td><td>Tech Incubator at Queens College, 65-30 Kissena Blvd, CEP Hall 2 Queens NY 11367</td></tr><tr><th colspan="2">Messages</th></tr><tr><td colspan="2"><div class="messages">Completed executing following method : ManageCreateTest.selectLocation<br/>Test Method resides in pomtest.ManageCreateTest<br/>Test Method had the following parameters : nullNY,Tech Incubator at Queens College, 65-30 Kissena Blvd, CEP Hall 2 Queens NY 11367,<br/>Test Status: Pass</div></td></tr></table><p class="totop"><a href="#summary">back to summary</a></p><h3 id="m49">pomtest.ManageCreateTest#selectLocation</h3><table class="result"><tr class="param"><th>Parameter #1</th><th>Parameter #2</th></tr><tr class="param stripe"><td>VA</td><td>Revature LLC, 11730 Plaza America Drive, 2nd Floor Reston VA 20190</td></tr><tr><th colspan="2">Messages</th></tr><tr><td colspan="2"><div class="messages">Completed executing following method : ManageCreateTest.selectLocation<br/>Test Method resides in pomtest.ManageCreateTest<br/>Test Method had the following parameters : nullVA,Revature LLC, 11730 Plaza America Drive, 2nd Floor Reston VA 20190,<br/>Test Status: Pass</div></td></tr></table><p class="totop"><a href="#summary">back to summary</a></p><h3 id="m50">pomtest.ManageCreateTest#selectSkill</h3><table class="result"><tr class="param"><th>Parameter #1</th></tr><tr class="param stripe"><td>PEGA BPM</td></tr><tr><th>Messages</th></tr><tr><td><div class="messages">Completed executing following method : ManageCreateTest.selectSkill<br/>Test Method resides in pomtest.ManageCreateTest<br/>Test Method had the following parameters : nullPEGA BPM,<br/>Test Status: Pass</div></td></tr></table><p class="totop"><a href="#summary">back to summary</a></p><h3 id="m51">pomtest.ManageCreateTest#selectSkill</h3><table class="result"><tr class="param"><th>Parameter #1</th></tr><tr class="param stripe"><td>System Admin</td></tr><tr><th>Messages</th></tr><tr><td><div class="messages">Completed executing following method : ManageCreateTest.selectSkill<br/>Test Method resides in pomtest.ManageCreateTest<br/>Test Method had the following parameters : nullSystem Admin,<br/>Test Status: Pass</div></td></tr></table><p class="totop"><a href="#summary">back to summary</a></p><h3 id="m52">pomtest.ManageCreateTest#selectSkill</h3><table class="result"><tr class="param"><th>Parameter #1</th></tr><tr class="param stripe"><td>Microsoft Dynamics 365</td></tr><tr><th>Messages</th></tr><tr><td><div class="messages">Completed executing following method : ManageCreateTest.selectSkill<br/>Test Method resides in pomtest.ManageCreateTest<br/>Test Method had the following parameters : nullMicrosoft Dynamics 365,<br/>Test Status: Pass</div></td></tr></table><p class="totop"><a href="#summary">back to summary</a></p><h3 id="m53">pomtest.ManageCreateTest#selectSkill</h3><table class="result"><tr class="param"><th>Parameter #1</th></tr><tr class="param stripe"><td>JTA</td></tr><tr><th>Messages</th></tr><tr><td><div class="messages">Completed executing following method : ManageCreateTest.selectSkill<br/>Test Method resides in pomtest.ManageCreateTest<br/>Test Method had the following parameters : nullJTA,<br/>Test Status: Pass</div></td></tr></table><p class="totop"><a href="#summary">back to summary</a></p><h3 id="m54">pomtest.ManageCreateTest#selectSkill</h3><table class="result"><tr class="param"><th>Parameter #1</th></tr><tr class="param stripe"><td>Appian BPM</td></tr><tr><th>Messages</th></tr><tr><td><div class="messages">Completed executing following method : ManageCreateTest.selectSkill<br/>Test Method resides in pomtest.ManageCreateTest<br/>Test Method had the following parameters : nullAppian BPM,<br/>Test Status: Pass</div></td></tr></table><p class="totop"><a href="#summary">back to summary</a></p><h3 id="m55">pomtest.ManageCreateTest#selectSkill</h3><table class="result"><tr class="param"><th>Parameter #1</th></tr><tr class="param stripe"><td>Oracle Fusion</td></tr><tr><th>Messages</th></tr><tr><td><div class="messages">Completed executing following method : ManageCreateTest.selectSkill<br/>Test Method resides in pomtest.ManageCreateTest<br/>Test Method had the following parameters : nullOracle Fusion,<br/>Test Status: Pass</div></td></tr></table><p class="totop"><a href="#summary">back to summary</a></p><h3 id="m56">pomtest.ManageCreateTest#selectSkill</h3><table class="result"><tr class="param"><th>Parameter #1</th></tr><tr class="param stripe"><td>BPM</td></tr><tr><th>Messages</th></tr><tr><td><div class="messages">Completed executing following method : ManageCreateTest.selectSkill<br/>Test Method resides in pomtest.ManageCreateTest<br/>Test Method had the following parameters : nullBPM,<br/>Test Status: Pass</div></td></tr></table><p class="totop"><a href="#summary">back to summary</a></p><h3 id="m57">pomtest.ManageCreateTest#selectSkill</h3><table class="result"><tr class="param"><th>Parameter #1</th></tr><tr class="param stripe"><td>SDET</td></tr><tr><th>Messages</th></tr><tr><td><div class="messages">Completed executing following method : ManageCreateTest.selectSkill<br/>Test Method resides in pomtest.ManageCreateTest<br/>Test Method had the following parameters : nullSDET,<br/>Test Status: Pass</div></td></tr></table><p class="totop"><a href="#summary">back to summary</a></p><h3 id="m58">pomtest.ManageCreateTest#selectSkill</h3><table class="result"><tr class="param"><th>Parameter #1</th></tr><tr class="param stripe"><td>Other</td></tr><tr><th>Messages</th></tr><tr><td><div class="messages">Completed executing following method : ManageCreateTest.selectSkill<br/>Test Method resides in pomtest.ManageCreateTest<br/>Test Method had the following parameters : nullOther,<br/>Test Status: Pass</div></td></tr></table><p class="totop"><a href="#summary">back to summary</a></p><h3 id="m59">pomtest.ManageCreateTest#selectSkill</h3><table class="result"><tr class="param"><th>Parameter #1</th></tr><tr class="param stripe"><td>QA</td></tr><tr><th>Messages</th></tr><tr><td><div class="messages">Completed executing following method : ManageCreateTest.selectSkill<br/>Test Method resides in pomtest.ManageCreateTest<br/>Test Method had the following parameters : nullQA,<br/>Test Status: Pass</div></td></tr></table><p class="totop"><a href="#summary">back to summary</a></p><h3 id="m60">pomtest.ManageCreateTest#selectSkill</h3><table class="result"><tr class="param"><th>Parameter #1</th></tr><tr class="param stripe"><td>J2EE</td></tr><tr><th>Messages</th></tr><tr><td><div class="messages">Completed executing following method : ManageCreateTest.selectSkill<br/>Test Method resides in pomtest.ManageCreateTest<br/>Test Method had the following parameters : nullJ2EE,<br/>Test Status: Pass</div></td></tr></table><p class="totop"><a href="#summary">back to summary</a></p><h3 id="m61">pomtest.ManageCreateTest#selectSkill</h3><table class="result"><tr class="param"><th>Parameter #1</th></tr><tr class="param stripe"><td>Microservices</td></tr><tr><th>Messages</th></tr><tr><td><div class="messages">Completed executing following method : ManageCreateTest.selectSkill<br/>Test Method resides in pomtest.ManageCreateTest<br/>Test Method had the following parameters : nullMicroservices,<br/>Test Status: Pass</div></td></tr></table><p class="totop"><a href="#summary">back to summary</a></p><h3 id="m62">pomtest.ManageCreateTest#selectSkill</h3><table class="result"><tr class="param"><th>Parameter #1</th></tr><tr class="param stripe"><td>Salesforce</td></tr><tr><th>Messages</th></tr><tr><td><div class="messages">Completed executing following method : ManageCreateTest.selectSkill<br/>Test Method resides in pomtest.ManageCreateTest<br/>Test Method had the following parameters : nullSalesforce,<br/>Test Status: Pass</div></td></tr></table><p class="totop"><a href="#summary">back to summary</a></p><h3 id="m63">pomtest.ManageCreateTest#selectSkill</h3><table class="result"><tr class="param"><th>Parameter #1</th></tr><tr class="param stripe"><td>.NET</td></tr><tr><th>Messages</th></tr><tr><td><div class="messages">Completed executing following method : ManageCreateTest.selectSkill<br/>Test Method resides in pomtest.ManageCreateTest<br/>Test Method had the following parameters : null.NET,<br/>Test Status: Pass</div></td></tr></table><p class="totop"><a href="#summary">back to summary</a></p><h3 id="m64">pomtest.ManageCreateTest#selectSkill</h3><table class="result"><tr class="param"><th>Parameter #1</th></tr><tr class="param stripe"><td>Business Analyst</td></tr><tr><th>Messages</th></tr><tr><td><div class="messages">Completed executing following method : ManageCreateTest.selectSkill<br/>Test Method resides in pomtest.ManageCreateTest<br/>Test Method had the following parameters : nullBusiness Analyst,<br/>Test Status: Pass</div></td></tr></table><p class="totop"><a href="#summary">back to summary</a></p><h3 id="m65">pomtest.ManageCreateTest#selectStart</h3><table class="result"><tr><th>Messages</th></tr><tr><td><div class="messages">Completed executing following method : ManageCreateTest.selectStart<br/>Test Method resides in pomtest.ManageCreateTest<br/>Test Status: Pass</div></td></tr></table><p class="totop"><a href="#summary">back to summary</a></p><h3 id="m66">pomtest.ManageCreateTest#selectTrainer</h3><table class="result"><tr class="param"><th>Parameter #1</th></tr><tr class="param stripe"><td>Kermit Frog</td></tr><tr><th>Messages</th></tr><tr><td><div class="messages">Completed executing following method : ManageCreateTest.selectTrainer<br/>Test Method resides in pomtest.ManageCreateTest<br/>Test Method had the following parameters : nullKermit Frog,<br/>Test Status: Pass</div></td></tr></table><p class="totop"><a href="#summary">back to summary</a></p><h3 id="m67">pomtest.ManageCreateTest#selectTrainer</h3><table class="result"><tr class="param"><th>Parameter #1</th></tr><tr class="param stripe"><td>Richard Orr</td></tr><tr><th>Messages</th></tr><tr><td><div class="messages">Completed executing following method : ManageCreateTest.selectTrainer<br/>Test Method resides in pomtest.ManageCreateTest<br/>Test Method had the following parameters : nullRichard Orr,<br/>Test Status: Pass</div></td></tr></table><p class="totop"><a href="#summary">back to summary</a></p><h3 id="m68">pomtest.ManageCreateTest#selectTrainer</h3><table class="result"><tr class="param"><th>Parameter #1</th></tr><tr class="param stripe"><td>Steven Kelsey</td></tr><tr><th>Messages</th></tr><tr><td><div class="messages">Completed executing following method : ManageCreateTest.selectTrainer<br/>Test Method resides in pomtest.ManageCreateTest<br/>Test Method had the following parameters : nullSteven Kelsey,<br/>Test Status: Pass</div></td></tr></table><p class="totop"><a href="#summary">back to summary</a></p><h3 id="m69">pomtest.ManageCreateTest#selectTrainer</h3><table class="result"><tr class="param"><th>Parameter #1</th></tr><tr class="param stripe"><td>Peter Alagna</td></tr><tr><th>Messages</th></tr><tr><td><div class="messages">Completed executing following method : ManageCreateTest.selectTrainer<br/>Test Method resides in pomtest.ManageCreateTest<br/>Test Method had the following parameters : nullPeter Alagna,<br/>Test Status: Pass</div></td></tr></table><p class="totop"><a href="#summary">back to summary</a></p><h3 id="m70">pomtest.ManageCreateTest#selectTrainer</h3><table class="result"><tr class="param"><th>Parameter #1</th></tr><tr class="param stripe"><td>Emily Higgins</td></tr><tr><th>Messages</th></tr><tr><td><div class="messages">Completed executing following method : ManageCreateTest.selectTrainer<br/>Test Method resides in pomtest.ManageCreateTest<br/>Test Method had the following parameters : nullEmily Higgins,<br/>Test Status: Pass</div></td></tr></table><p class="totop"><a href="#summary">back to summary</a></p><h3 id="m71">pomtest.ManageCreateTest#selectTrainer</h3><table class="result"><tr class="param"><th>Parameter #1</th></tr><tr class="param stripe"><td>Yuvaraj Damodaran</td></tr><tr><th>Messages</th></tr><tr><td><div class="messages">Completed executing following method : ManageCreateTest.selectTrainer<br/>Test Method resides in pomtest.ManageCreateTest<br/>Test Method had the following parameters : nullYuvaraj Damodaran,<br/>Test Status: Pass</div></td></tr></table><p class="totop"><a href="#summary">back to summary</a></p><h3 id="m72">pomtest.ManageCreateTest#selectTrainer</h3><table class="result"><tr class="param"><th>Parameter #1</th></tr><tr class="param stripe"><td>Natalie Church</td></tr><tr><th>Messages</th></tr><tr><td><div class="messages">Completed executing following method : ManageCreateTest.selectTrainer<br/>Test Method resides in pomtest.ManageCreateTest<br/>Test Method had the following parameters : nullNatalie Church,<br/>Test Status: Pass</div></td></tr></table><p class="totop"><a href="#summary">back to summary</a></p><h3 id="m73">pomtest.ManageCreateTest#selectTrainer</h3><table class="result"><tr class="param"><th>Parameter #1</th></tr><tr class="param stripe"><td>Dan Pickles</td></tr><tr><th>Messages</th></tr><tr><td><div class="messages">Completed executing following method : ManageCreateTest.selectTrainer<br/>Test Method resides in pomtest.ManageCreateTest<br/>Test Method had the following parameters : nullDan Pickles,<br/>Test Status: Pass</div></td></tr></table><p class="totop"><a href="#summary">back to summary</a></p><h3 id="m74">pomtest.ManageCreateTest#selectTrainer</h3><table class="result"><tr class="param"><th>Parameter #1</th></tr><tr class="param stripe"><td>Peter Alagna</td></tr><tr><th>Messages</th></tr><tr><td><div class="messages">Completed executing following method : ManageCreateTest.selectTrainer<br/>Test Method resides in pomtest.ManageCreateTest<br/>Test Method had the following parameters : nullPeter Alagna,<br/>Test Status: Pass</div></td></tr></table><p class="totop"><a href="#summary">back to summary</a></p><h3 id="m75">pomtest.ManageCreateTest#selectTrainer</h3><table class="result"><tr class="param"><th>Parameter #1</th></tr><tr class="param stripe"><td>Mehrab Rahman</td></tr><tr><th>Messages</th></tr><tr><td><div class="messages">Completed executing following method : ManageCreateTest.selectTrainer<br/>Test Method resides in pomtest.ManageCreateTest<br/>Test Method had the following parameters : nullMehrab Rahman,<br/>Test Status: Pass</div></td></tr></table><p class="totop"><a href="#summary">back to summary</a></p><h3 id="m76">pomtest.ManageCreateTest#selectTrainer</h3><table class="result"><tr class="param"><th>Parameter #1</th></tr><tr class="param stripe"><td>Raghavan Swaminathan</td></tr><tr><th>Messages</th></tr><tr><td><div class="messages">Completed executing following method : ManageCreateTest.selectTrainer<br/>Test Method resides in pomtest.ManageCreateTest<br/>Test Method had the following parameters : nullRaghavan Swaminathan,<br/>Test Status: Pass</div></td></tr></table><p class="totop"><a href="#summary">back to summary</a></p><h3 id="m77">pomtest.ManageCreateTest#selectTrainer</h3><table class="result"><tr class="param"><th>Parameter #1</th></tr><tr class="param stripe"><td>Gray Wynne</td></tr><tr><th>Messages</th></tr><tr><td><div class="messages">Completed executing following method : ManageCreateTest.selectTrainer<br/>Test Method resides in pomtest.ManageCreateTest<br/>Test Method had the following parameters : nullGray Wynne,<br/>Test Status: Pass</div></td></tr></table><p class="totop"><a href="#summary">back to summary</a></p><h3 id="m78">pomtest.ManageCreateTest#selectTrainer</h3><table class="result"><tr class="param"><th>Parameter #1</th></tr><tr class="param stripe"><td>Shelby Levinson</td></tr><tr><th>Messages</th></tr><tr><td><div class="messages">Completed executing following method : ManageCreateTest.selectTrainer<br/>Test Method resides in pomtest.ManageCreateTest<br/>Test Method had the following parameters : nullShelby Levinson,<br/>Test Status: Pass</div></td></tr></table><p class="totop"><a href="#summary">back to summary</a></p><h3 id="m79">pomtest.ManageCreateTest#selectTrainer</h3><table class="result"><tr class="param"><th>Parameter #1</th></tr><tr class="param stripe"><td>Archer Radcliff</td></tr><tr><th>Messages</th></tr><tr><td><div class="messages">Completed executing following method : ManageCreateTest.selectTrainer<br/>Test Method resides in pomtest.ManageCreateTest<br/>Test Method had the following parameters : nullArcher Radcliff,<br/>Test Status: Pass</div></td></tr></table><p class="totop"><a href="#summary">back to summary</a></p><h3 id="m80">pomtest.ManageCreateTest#selectTrainer</h3><table class="result"><tr class="param"><th>Parameter #1</th></tr><tr class="param stripe"><td>Rajesh Yamunachari</td></tr><tr><th>Messages</th></tr><tr><td><div class="messages">Completed executing following method : ManageCreateTest.selectTrainer<br/>Test Method resides in pomtest.ManageCreateTest<br/>Test Method had the following parameters : nullRajesh Yamunachari,<br/>Test Status: Pass</div></td></tr></table><p class="totop"><a href="#summary">back to summary</a></p><h3 id="m81">pomtest.ManageCreateTest#selectTrainer</h3><table class="result"><tr class="param"><th>Parameter #1</th></tr><tr class="param stripe"><td>Taylor Kemper</td></tr><tr><th>Messages</th></tr><tr><td><div class="messages">Completed executing following method : ManageCreateTest.selectTrainer<br/>Test Method resides in pomtest.ManageCreateTest<br/>Test Method had the following parameters : nullTaylor Kemper,<br/>Test Status: Pass</div></td></tr></table><p class="totop"><a href="#summary">back to summary</a></p><h3 id="m82">pomtest.ManageCreateTest#selectTrainer</h3><table class="result"><tr class="param"><th>Parameter #1</th></tr><tr class="param stripe"><td>bfs</td></tr><tr><th>Messages</th></tr><tr><td><div class="messages">Completed executing following method : ManageCreateTest.selectTrainer<br/>Test Method resides in pomtest.ManageCreateTest<br/>Test Method had the following parameters : nullbfs,<br/>Test Status: Pass</div></td></tr></table><p class="totop"><a href="#summary">back to summary</a></p><h3 id="m83">pomtest.ManageCreateTest#selectTrainer</h3><table class="result"><tr class="param"><th>Parameter #1</th></tr><tr class="param stripe"><td>Genesis Bonds</td></tr><tr><th>Messages</th></tr><tr><td><div class="messages">Completed executing following method : ManageCreateTest.selectTrainer<br/>Test Method resides in pomtest.ManageCreateTest<br/>Test Method had the following parameters : nullGenesis Bonds,<br/>Test Status: Pass</div></td></tr></table><p class="totop"><a href="#summary">back to summary</a></p><h3 id="m84">pomtest.ManageCreateTest#selectTrainer</h3><table class="result"><tr class="param"><th>Parameter #1</th></tr><tr class="param stripe"><td>Gray Wynne</td></tr><tr><th>Messages</th></tr><tr><td><div class="messages">Completed executing following method : ManageCreateTest.selectTrainer<br/>Test Method resides in pomtest.ManageCreateTest<br/>Test Method had the following parameters : nullGray Wynne,<br/>Test Status: Pass</div></td></tr></table><p class="totop"><a href="#summary">back to summary</a></p><h3 id="m85">pomtest.ManageCreateTest#selectTrainer</h3><table class="result"><tr class="param"><th>Parameter #1</th></tr><tr class="param stripe"><td>Mehrab Rahman</td></tr><tr><th>Messages</th></tr><tr><td><div class="messages">Completed executing following method : ManageCreateTest.selectTrainer<br/>Test Method resides in pomtest.ManageCreateTest<br/>Test Method had the following parameters : nullMehrab Rahman,<br/>Test Status: Pass</div></td></tr></table><p class="totop"><a href="#summary">back to summary</a></p><h3 id="m86">pomtest.ManageCreateTest#selectTrainer</h3><table class="result"><tr class="param"><th>Parameter #1</th></tr><tr class="param stripe"><td>Patrick Walsh</td></tr><tr><th>Messages</th></tr><tr><td><div class="messages">Completed executing following method : ManageCreateTest.selectTrainer<br/>Test Method resides in pomtest.ManageCreateTest<br/>Test Method had the following parameters : nullPatrick Walsh,<br/>Test Status: Pass</div></td></tr></table><p class="totop"><a href="#summary">back to summary</a></p><h3 id="m87">pomtest.ManageCreateTest#selectTrainer</h3><table class="result"><tr class="param"><th>Parameter #1</th></tr><tr class="param stripe"><td>123</td></tr><tr><th>Messages</th></tr><tr><td><div class="messages">Completed executing following method : ManageCreateTest.selectTrainer<br/>Test Method resides in pomtest.ManageCreateTest<br/>Test Method had the following parameters : null123,<br/>Test Status: Pass</div></td></tr></table><p class="totop"><a href="#summary">back to summary</a></p><h3 id="m88">pomtest.ManageCreateTest#selectTrainer</h3><table class="result"><tr class="param"><th>Parameter #1</th></tr><tr class="param stripe"><td>Brian Connolly</td></tr><tr><th>Messages</th></tr><tr><td><div class="messages">Completed executing following method : ManageCreateTest.selectTrainer<br/>Test Method resides in pomtest.ManageCreateTest<br/>Test Method had the following parameters : nullBrian Connolly,<br/>Test Status: Pass</div></td></tr></table><p class="totop"><a href="#summary">back to summary</a></p><h3 id="m89">pomtest.ManageCreateTest#selectTrainer</h3><table class="result"><tr class="param"><th>Parameter #1</th></tr><tr class="param stripe"><td>Ryan Lessley</td></tr><tr><th>Messages</th></tr><tr><td><div class="messages">Completed executing following method : ManageCreateTest.selectTrainer<br/>Test Method resides in pomtest.ManageCreateTest<br/>Test Method had the following parameters : nullRyan Lessley,<br/>Test Status: Pass</div></td></tr></table><p class="totop"><a href="#summary">back to summary</a></p><h3 id="m90">pomtest.ManageCreateTest#selectTrainer</h3><table class="result"><tr class="param"><th>Parameter #1</th></tr><tr class="param stripe"><td>!@#$%^&amp;*()</td></tr><tr><th>Messages</th></tr><tr><td><div class="messages">Completed executing following method : ManageCreateTest.selectTrainer<br/>Test Method resides in pomtest.ManageCreateTest<br/>Test Method had the following parameters : null!@#$%^&amp;*(),<br/>Test Status: Pass</div></td></tr></table><p class="totop"><a href="#summary">back to summary</a></p><h3 id="m91">pomtest.ManageCreateTest#selectTrainer</h3><table class="result"><tr class="param"><th>Parameter #1</th></tr><tr class="param stripe"><td>Name</td></tr><tr><th>Messages</th></tr><tr><td><div class="messages">Completed executing following method : ManageCreateTest.selectTrainer<br/>Test Method resides in pomtest.ManageCreateTest<br/>Test Method had the following parameters : nullName,<br/>Test Status: Pass</div></td></tr></table><p class="totop"><a href="#summary">back to summary</a></p><h3 id="m92">pomtest.ManageCreateTest#selectTrainer</h3><table class="result"><tr class="param"><th>Parameter #1</th></tr><tr class="param stripe"><td>Spongebob Squarepants</td></tr><tr><th>Messages</th></tr><tr><td><div class="messages">Completed executing following method : ManageCreateTest.selectTrainer<br/>Test Method resides in pomtest.ManageCreateTest<br/>Test Method had the following parameters : nullSpongebob Squarepants,<br/>Test Status: Pass</div></td></tr></table><p class="totop"><a href="#summary">back to summary</a></p><h3 id="m93">pomtest.ManageCreateTest#selectTrainer</h3><table class="result"><tr class="param"><th>Parameter #1</th></tr><tr class="param stripe"><td>Karan Dhirar</td></tr><tr><th>Messages</th></tr><tr><td><div class="messages">Completed executing following method : ManageCreateTest.selectTrainer<br/>Test Method resides in pomtest.ManageCreateTest<br/>Test Method had the following parameters : nullKaran Dhirar,<br/>Test Status: Pass</div></td></tr></table><p class="totop"><a href="#summary">back to summary</a></p><h3 id="m94">pomtest.ManageCreateTest#selectTrainer</h3><table class="result"><tr class="param"><th>Parameter #1</th></tr><tr class="param stripe"><td>Shelby Levinson</td></tr><tr><th>Messages</th></tr><tr><td><div class="messages">Completed executing following method : ManageCreateTest.selectTrainer<br/>Test Method resides in pomtest.ManageCreateTest<br/>Test Method had the following parameters : nullShelby Levinson,<br/>Test Status: Pass</div></td></tr></table><p class="totop"><a href="#summary">back to summary</a></p><h3 id="m95">pomtest.ManageCreateTest#selectTrainer</h3><table class="result"><tr class="param"><th>Parameter #1</th></tr><tr class="param stripe"><td>Marvin</td></tr><tr><th>Messages</th></tr><tr><td><div class="messages">Completed executing following method : ManageCreateTest.selectTrainer<br/>Test Method resides in pomtest.ManageCreateTest<br/>Test Method had the following parameters : nullMarvin,<br/>Test Status: Pass</div></td></tr></table><p class="totop"><a href="#summary">back to summary</a></p><h3 id="m96">pomtest.ManageCreateTest#selectTrainer</h3><table class="result"><tr class="param"><th>Parameter #1</th></tr><tr class="param stripe"><td>Orson Wallace</td></tr><tr><th>Messages</th></tr><tr><td><div class="messages">Completed executing following method : ManageCreateTest.selectTrainer<br/>Test Method resides in pomtest.ManageCreateTest<br/>Test Method had the following parameters : nullOrson Wallace,<br/>Test Status: Pass</div></td></tr></table><p class="totop"><a href="#summary">back to summary</a></p><h3 id="m97">pomtest.ManageCreateTest#selectTrainer</h3><table class="result"><tr class="param"><th>Parameter #1</th></tr><tr class="param stripe"><td>Ankit Garg</td></tr><tr><th>Messages</th></tr><tr><td><div class="messages">Completed executing following method : ManageCreateTest.selectTrainer<br/>Test Method resides in pomtest.ManageCreateTest<br/>Test Method had the following parameters : nullAnkit Garg,<br/>Test Status: Pass</div></td></tr></table><p class="totop"><a href="#summary">back to summary</a></p><h3 id="m98">pomtest.ManageCreateTest#selectTrainer</h3><table class="result"><tr class="param"><th>Parameter #1</th></tr><tr class="param stripe"><td>Fred Belotte</td></tr><tr><th>Messages</th></tr><tr><td><div class="messages">Completed executing following method : ManageCreateTest.selectTrainer<br/>Test Method resides in pomtest.ManageCreateTest<br/>Test Method had the following parameters : nullFred Belotte,<br/>Test Status: Pass</div></td></tr></table><p class="totop"><a href="#summary">back to summary</a></p><h3 id="m99">pomtest.ManageCreateTest#selectTrainer</h3><table class="result"><tr class="param"><th>Parameter #1</th></tr><tr class="param stripe"><td>Orson Wallace</td></tr><tr><th>Messages</th></tr><tr><td><div class="messages">Completed executing following method : ManageCreateTest.selectTrainer<br/>Test Method resides in pomtest.ManageCreateTest<br/>Test Method had the following parameters : nullOrson Wallace,<br/>Test Status: Pass</div></td></tr></table><p class="totop"><a href="#summary">back to summary</a></p><h3 id="m100">pomtest.ManageCreateTest#selectTrainer</h3><table class="result"><tr class="param"><th>Parameter #1</th></tr><tr class="param stripe"><td>Stanley Medikonda</td></tr><tr><th>Messages</th></tr><tr><td><div class="messages">Completed executing following method : ManageCreateTest.selectTrainer<br/>Test Method resides in pomtest.ManageCreateTest<br/>Test Method had the following parameters : nullStanley Medikonda,<br/>Test Status: Pass</div></td></tr></table><p class="totop"><a href="#summary">back to summary</a></p><h3 id="m101">pomtest.ManageCreateTest#selectTrainer</h3><table class="result"><tr class="param"><th>Parameter #1</th></tr><tr class="param stripe"><td>Nickolas Jurczak</td></tr><tr><th>Messages</th></tr><tr><td><div class="messages">Completed executing following method : ManageCreateTest.selectTrainer<br/>Test Method resides in pomtest.ManageCreateTest<br/>Test Method had the following parameters : nullNickolas Jurczak,<br/>Test Status: Pass</div></td></tr></table><p class="totop"><a href="#summary">back to summary</a></p><h3 id="m102">pomtest.ManageCreateTest#selectTrainer</h3><table class="result"><tr class="param"><th>Parameter #1</th></tr><tr class="param stripe"><td>August Duet</td></tr><tr><th>Messages</th></tr><tr><td><div class="messages">Completed executing following method : ManageCreateTest.selectTrainer<br/>Test Method resides in pomtest.ManageCreateTest<br/>Test Method had the following parameters : nullAugust Duet,<br/>Test Status: Pass</div></td></tr></table><p class="totop"><a href="#summary">back to summary</a></p><h3 id="m103">pomtest.ManageCreateTest#selectTrainer</h3><table class="result"><tr class="param"><th>Parameter #1</th></tr><tr class="param stripe"><td>Walter Payne</td></tr><tr><th>Messages</th></tr><tr><td><div class="messages">Completed executing following method : ManageCreateTest.selectTrainer<br/>Test Method resides in pomtest.ManageCreateTest<br/>Test Method had the following parameters : nullWalter Payne,<br/>Test Status: Pass</div></td></tr></table><p class="totop"><a href="#summary">back to summary</a></p><h3 id="m104">pomtest.ManageCreateTest#selectTraining</h3><table class="result"><tr class="param"><th>Parameter #1</th></tr><tr class="param stripe"><td>Corporate</td></tr><tr><th>Messages</th></tr><tr><td><div class="messages">Completed executing following method : ManageCreateTest.selectTraining<br/>Test Method resides in pomtest.ManageCreateTest<br/>Test Method had the following parameters : nullCorporate,<br/>Test Status: Pass</div></td></tr></table><p class="totop"><a href="#summary">back to summary</a></p><h3 id="m105">pomtest.ManageCreateTest#selectTraining</h3><table class="result"><tr class="param"><th>Parameter #1</th></tr><tr class="param stripe"><td>Other</td></tr><tr><th>Messages</th></tr><tr><td><div class="messages">Completed executing following method : ManageCreateTest.selectTraining<br/>Test Method resides in pomtest.ManageCreateTest<br/>Test Method had the following parameters : nullOther,<br/>Test Status: Pass</div></td></tr></table><p class="totop"><a href="#summary">back to summary</a></p><h3 id="m106">pomtest.ManageCreateTest#selectTraining</h3><table class="result"><tr class="param"><th>Parameter #1</th></tr><tr class="param stripe"><td>Revature</td></tr><tr><th>Messages</th></tr><tr><td><div class="messages">Completed executing following method : ManageCreateTest.selectTraining<br/>Test Method resides in pomtest.ManageCreateTest<br/>Test Method had the following parameters : nullRevature,<br/>Test Status: Pass</div></td></tr></table><p class="totop"><a href="#summary">back to summary</a></p><h3 id="m107">pomtest.ManageCreateTest#selectTraining</h3><table class="result"><tr class="param"><th>Parameter #1</th></tr><tr class="param stripe"><td>University</td></tr><tr><th>Messages</th></tr><tr><td><div class="messages">Completed executing following method : ManageCreateTest.selectTraining<br/>Test Method resides in pomtest.ManageCreateTest<br/>Test Method had the following parameters : nullUniversity,<br/>Test Status: Pass</div></td></tr></table><p class="totop"><a href="#summary">back to summary</a></p><h2>managebatch&gt;years</h2><h3 id="m108">pomtest.ManageYearTest#listYears</h3><table class="result"><tr class="param"><th>Parameter #1</th></tr><tr class="param stripe"><td>2017</td></tr><tr><th>Messages</th></tr><tr><td><div class="messages">Completed executing following method : ManageYearTest.listYears<br/>Test Method resides in pomtest.ManageYearTest<br/>Test Method had the following parameters : null2017,<br/>Test Status: Pass</div></td></tr></table><p class="totop"><a href="#summary">back to summary</a></p><h3 id="m109">pomtest.ManageYearTest#listYears</h3><table class="result"><tr class="param"><th>Parameter #1</th></tr><tr class="param stripe"><td>2018</td></tr><tr><th>Messages</th></tr><tr><td><div class="messages">Completed executing following method : ManageYearTest.listYears<br/>Test Method resides in pomtest.ManageYearTest<br/>Test Method had the following parameters : null2018,<br/>Test Status: Pass</div></td></tr></table><p class="totop"><a href="#summary">back to summary</a></p><h3 id="m110">pomtest.ManageYearTest#listYears</h3><table class="result"><tr class="param"><th>Parameter #1</th></tr><tr class="param stripe"><td>2016</td></tr><tr><th>Messages</th></tr><tr><td><div class="messages">Completed executing following method : ManageYearTest.listYears<br/>Test Method resides in pomtest.ManageYearTest<br/>Test Method had the following parameters : null2016,<br/>Test Status: Pass</div></td></tr></table><p class="totop"><a href="#summary">back to summary</a></p><h3 id="m111">pomtest.ManageYearTest#listYears</h3><table class="result"><tr class="param"><th>Parameter #1</th></tr><tr class="param stripe"><td>2019</td></tr><tr><th>Messages</th></tr><tr><td><div class="messages">Completed executing following method : ManageYearTest.listYears<br/>Test Method resides in pomtest.ManageYearTest<br/>Test Method had the following parameters : null2019,<br/>Test Status: Pass</div></td></tr></table><p class="totop"><a href="#summary">back to summary</a></p><h2>managebatch&gt;viewtrainee</h2><h3 id="m112">pomtest.ManageTraineeViewTest#close</h3><table class="result"><tr><th>Messages</th></tr><tr><td><div class="messages">Completed executing following method : ManageTraineeViewTest.close<br/>Test Method resides in pomtest.ManageTraineeViewTest<br/>Test Status: Failed</div></td></tr><tr><th>Exception</th></tr><tr><td><div class="stacktrace">org.openqa.selenium.TimeoutException: Expected condition failed: waiting for invisibility of [[ChromeDriver: chrome on XP (1e1ebaf17f4f9f75aec683e8f734cb96)] -&gt; xpath: //*[@id=&quot;viewTraineeModal&quot;]] (tried for 5 second(s) with 500 MILLISECONDS interval)
Build info: version: &apos;3.8.1&apos;, revision: &apos;6e95a6684b&apos;, time: &apos;2017-12-01T18:33:54.468Z&apos;
System info: host: &apos;LAPTOP-Q4VAUUHH&apos;, ip: &apos;192.168.0.10&apos;, os.name: &apos;Windows 10&apos;, os.arch: &apos;amd64&apos;, os.version: &apos;10.0&apos;, java.version: &apos;1.8.0_171&apos;
Driver info: org.openqa.selenium.chrome.ChromeDriver
Capabilities {acceptInsecureCerts: false, acceptSslCerts: false, applicationCacheEnabled: false, browserConnectionEnabled: false, browserName: chrome, chrome: {chromedriverVersion: 2.38.552522 (437e6fbedfa876..., userDataDir: C:\Users\andre\AppData\Loca...}, cssSelectorsEnabled: true, databaseEnabled: false, handlesAlerts: true, hasTouchScreen: false, javascriptEnabled: true, locationContextEnabled: true, mobileEmulationEnabled: false, nativeEvents: true, networkConnectionEnabled: false, pageLoadStrategy: normal, platform: XP, platformName: XP, rotatable: false, setWindowRect: true, takesHeapSnapshot: true, takesScreenshot: true, unexpectedAlertBehaviour: , unhandledPromptBehavior: , version: 66.0.3359.181, webStorageEnabled: true}
Session ID: 1e1ebaf17f4f9f75aec683e8f734cb96
	at org.openqa.selenium.support.ui.WebDriverWait.timeoutException(WebDriverWait.java:82)
	at org.openqa.selenium.support.ui.FluentWait.until(FluentWait.java:231)
	at pomtest.ManageTraineeViewTest.modal(ManageTraineeViewTest.java:167)
	at pomtest.ManageTraineeViewTest.close(ManageTraineeViewTest.java:137)
... Removed 25 stack frames</div></td></tr></table><p class="totop"><a href="#summary">back to summary</a></p><h3 id="m113">pomtest.ManageTraineeViewTest#x</h3><table class="result"><tr><th>Messages</th></tr><tr><td><div class="messages">Completed executing following method : ManageTraineeViewTest.x<br/>Test Method resides in pomtest.ManageTraineeViewTest<br/>Test Status: Failed</div></td></tr><tr><th>Exception</th></tr><tr><td><div class="stacktrace">org.openqa.selenium.TimeoutException: Expected condition failed: waiting for invisibility of [[ChromeDriver: chrome on XP (1e1ebaf17f4f9f75aec683e8f734cb96)] -&gt; xpath: //*[@id=&quot;viewTraineeModal&quot;]] (tried for 5 second(s) with 500 MILLISECONDS interval)
Build info: version: &apos;3.8.1&apos;, revision: &apos;6e95a6684b&apos;, time: &apos;2017-12-01T18:33:54.468Z&apos;
System info: host: &apos;LAPTOP-Q4VAUUHH&apos;, ip: &apos;192.168.0.10&apos;, os.name: &apos;Windows 10&apos;, os.arch: &apos;amd64&apos;, os.version: &apos;10.0&apos;, java.version: &apos;1.8.0_171&apos;
Driver info: org.openqa.selenium.chrome.ChromeDriver
Capabilities {acceptInsecureCerts: false, acceptSslCerts: false, applicationCacheEnabled: false, browserConnectionEnabled: false, browserName: chrome, chrome: {chromedriverVersion: 2.38.552522 (437e6fbedfa876..., userDataDir: C:\Users\andre\AppData\Loca...}, cssSelectorsEnabled: true, databaseEnabled: false, handlesAlerts: true, hasTouchScreen: false, javascriptEnabled: true, locationContextEnabled: true, mobileEmulationEnabled: false, nativeEvents: true, networkConnectionEnabled: false, pageLoadStrategy: normal, platform: XP, platformName: XP, rotatable: false, setWindowRect: true, takesHeapSnapshot: true, takesScreenshot: true, unexpectedAlertBehaviour: , unhandledPromptBehavior: , version: 66.0.3359.181, webStorageEnabled: true}
Session ID: 1e1ebaf17f4f9f75aec683e8f734cb96
	at org.openqa.selenium.support.ui.WebDriverWait.timeoutException(WebDriverWait.java:82)
	at org.openqa.selenium.support.ui.FluentWait.until(FluentWait.java:231)
	at pomtest.ManageTraineeViewTest.modal(ManageTraineeViewTest.java:167)
	at pomtest.ManageTraineeViewTest.x(ManageTraineeViewTest.java:149)
... Removed 25 stack frames</div></td></tr></table><p class="totop"><a href="#summary">back to summary</a></p><h3 id="m114">pomtest.ManageTraineeViewTest#inputCollege</h3><table class="result"><tr><th>Messages</th></tr><tr><td><div class="messages">Completed executing following method : ManageTraineeViewTest.inputCollege<br/>Test Method resides in pomtest.ManageTraineeViewTest<br/>Test Status: Pass</div></td></tr></table><p class="totop"><a href="#summary">back to summary</a></p><h3 id="m115">pomtest.ManageTraineeViewTest#inputDegree</h3><table class="result"><tr><th>Messages</th></tr><tr><td><div class="messages">Completed executing following method : ManageTraineeViewTest.inputDegree<br/>Test Method resides in pomtest.ManageTraineeViewTest<br/>Test Status: Pass</div></td></tr></table><p class="totop"><a href="#summary">back to summary</a></p><h3 id="m116">pomtest.ManageTraineeViewTest#inputEmail</h3><table class="result"><tr><th>Messages</th></tr><tr><td><div class="messages">Completed executing following method : ManageTraineeViewTest.inputEmail<br/>Test Method resides in pomtest.ManageTraineeViewTest<br/>Test Status: Pass</div></td></tr></table><p class="totop"><a href="#summary">back to summary</a></p><h3 id="m117">pomtest.ManageTraineeViewTest#inputMajor</h3><table class="result"><tr><th>Messages</th></tr><tr><td><div class="messages">Completed executing following method : ManageTraineeViewTest.inputMajor<br/>Test Method resides in pomtest.ManageTraineeViewTest<br/>Test Status: Pass</div></td></tr></table><p class="totop"><a href="#summary">back to summary</a></p><h3 id="m118">pomtest.ManageTraineeViewTest#inputName</h3><table class="result"><tr><th>Messages</th></tr><tr><td><div class="messages">Completed executing following method : ManageTraineeViewTest.inputName<br/>Test Method resides in pomtest.ManageTraineeViewTest<br/>Test Status: Pass</div></td></tr></table><p class="totop"><a href="#summary">back to summary</a></p><h3 id="m119">pomtest.ManageTraineeViewTest#inputPhone</h3><table class="result"><tr><th>Messages</th></tr><tr><td><div class="messages">Completed executing following method : ManageTraineeViewTest.inputPhone<br/>Test Method resides in pomtest.ManageTraineeViewTest<br/>Test Status: Pass</div></td></tr></table><p class="totop"><a href="#summary">back to summary</a></p><h3 id="m120">pomtest.ManageTraineeViewTest#inputProject</h3><table class="result"><tr><th>Messages</th></tr><tr><td><div class="messages">Completed executing following method : ManageTraineeViewTest.inputProject<br/>Test Method resides in pomtest.ManageTraineeViewTest<br/>Test Status: Pass</div></td></tr></table><p class="totop"><a href="#summary">back to summary</a></p><h3 id="m121">pomtest.ManageTraineeViewTest#inputRecruiter</h3><table class="result"><tr><th>Messages</th></tr><tr><td><div class="messages">Completed executing following method : ManageTraineeViewTest.inputRecruiter<br/>Test Method resides in pomtest.ManageTraineeViewTest<br/>Test Status: Pass</div></td></tr></table><p class="totop"><a href="#summary">back to summary</a></p><h3 id="m122">pomtest.ManageTraineeViewTest#inputSkype</h3><table class="result"><tr><th>Messages</th></tr><tr><td><div class="messages">Completed executing following method : ManageTraineeViewTest.inputSkype<br/>Test Method resides in pomtest.ManageTraineeViewTest<br/>Test Status: Pass</div></td></tr></table><p class="totop"><a href="#summary">back to summary</a></p><h3 id="m123">pomtest.ManageTraineeViewTest#inputTech</h3><table class="result"><tr><th>Messages</th></tr><tr><td><div class="messages">Completed executing following method : ManageTraineeViewTest.inputTech<br/>Test Method resides in pomtest.ManageTraineeViewTest<br/>Test Status: Pass</div></td></tr></table><p class="totop"><a href="#summary">back to summary</a></p><h3 id="m124">pomtest.ManageTraineeViewTest#save</h3><table class="result"><tr><th>Messages</th></tr><tr><td><div class="messages">Completed executing following method : ManageTraineeViewTest.save<br/>Test Method resides in pomtest.ManageTraineeViewTest<br/>Test Status: Pass</div></td></tr></table><p class="totop"><a href="#summary">back to summary</a></p><h3 id="m125">pomtest.ManageTraineeViewTest#selectTraining</h3><table class="result"><tr class="param"><th>Parameter #1</th></tr><tr class="param stripe"><td>Employed</td></tr><tr><th>Messages</th></tr><tr><td><div class="messages">Completed executing following method : ManageTraineeViewTest.selectTraining<br/>Test Method resides in pomtest.ManageTraineeViewTest<br/>Test Method had the following parameters : nullEmployed,<br/>Test Status: Pass</div></td></tr></table><p class="totop"><a href="#summary">back to summary</a></p><h3 id="m126">pomtest.ManageTraineeViewTest#selectTraining</h3><table class="result"><tr class="param"><th>Parameter #1</th></tr><tr class="param stripe"><td>Selected</td></tr><tr><th>Messages</th></tr><tr><td><div class="messages">Completed executing following method : ManageTraineeViewTest.selectTraining<br/>Test Method resides in pomtest.ManageTraineeViewTest<br/>Test Method had the following parameters : nullSelected,<br/>Test Status: Pass</div></td></tr></table><p class="totop"><a href="#summary">back to summary</a></p><h3 id="m127">pomtest.ManageTraineeViewTest#selectTraining</h3><table class="result"><tr class="param"><th>Parameter #1</th></tr><tr class="param stripe"><td>Confirmed</td></tr><tr><th>Messages</th></tr><tr><td><div class="messages">Completed executing following method : ManageTraineeViewTest.selectTraining<br/>Test Method resides in pomtest.ManageTraineeViewTest<br/>Test Method had the following parameters : nullConfirmed,<br/>Test Status: Pass</div></td></tr></table><p class="totop"><a href="#summary">back to summary</a></p><h3 id="m128">pomtest.ManageTraineeViewTest#selectTraining</h3><table class="result"><tr class="param"><th>Parameter #1</th></tr><tr class="param stripe"><td>Signed</td></tr><tr><th>Messages</th></tr><tr><td><div class="messages">Completed executing following method : ManageTraineeViewTest.selectTraining<br/>Test Method resides in pomtest.ManageTraineeViewTest<br/>Test Method had the following parameters : nullSigned,<br/>Test Status: Pass</div></td></tr></table><p class="totop"><a href="#summary">back to summary</a></p><h3 id="m129">pomtest.ManageTraineeViewTest#selectTraining</h3><table class="result"><tr class="param"><th>Parameter #1</th></tr><tr class="param stripe"><td>Marketing</td></tr><tr><th>Messages</th></tr><tr><td><div class="messages">Completed executing following method : ManageTraineeViewTest.selectTraining<br/>Test Method resides in pomtest.ManageTraineeViewTest<br/>Test Method had the following parameters : nullMarketing,<br/>Test Status: Pass</div></td></tr></table><p class="totop"><a href="#summary">back to summary</a></p><h3 id="m130">pomtest.ManageTraineeViewTest#selectTraining</h3><table class="result"><tr class="param"><th>Parameter #1</th></tr><tr class="param stripe"><td>Dropped</td></tr><tr><th>Messages</th></tr><tr><td><div class="messages">Completed executing following method : ManageTraineeViewTest.selectTraining<br/>Test Method resides in pomtest.ManageTraineeViewTest<br/>Test Method had the following parameters : nullDropped,<br/>Test Status: Pass</div></td></tr></table><p class="totop"><a href="#summary">back to summary</a></p><h3 id="m131">pomtest.ManageTraineeViewTest#selectTraining</h3><table class="result"><tr class="param"><th>Parameter #1</th></tr><tr class="param stripe"><td>Training</td></tr><tr><th>Messages</th></tr><tr><td><div class="messages">Completed executing following method : ManageTraineeViewTest.selectTraining<br/>Test Method resides in pomtest.ManageTraineeViewTest<br/>Test Method had the following parameters : nullTraining,<br/>Test Status: Pass</div></td></tr></table><p class="totop"><a href="#summary">back to summary</a></p><h3 id="m132">pomtest.ManageTraineeViewTest#traineeActive</h3><table class="result"><tr><th>Messages</th></tr><tr><td><div class="messages">Completed executing following method : ManageTraineeViewTest.traineeActive<br/>Test Method resides in pomtest.ManageTraineeViewTest<br/>Test Status: Pass</div></td></tr></table><p class="totop"><a href="#summary">back to summary</a></p><h3 id="m133">pomtest.ManageTraineeViewTest#traineeAdd</h3><table class="result"><tr><th>Messages</th></tr><tr><td><div class="messages">Completed executing following method : ManageTraineeViewTest.traineeAdd<br/>Test Method resides in pomtest.ManageTraineeViewTest<br/>Test Status: Pass</div></td></tr></table><p class="totop"><a href="#summary">back to summary</a></p><h3 id="m134">pomtest.ManageTraineeViewTest#traineeView</h3><table class="result"><tr><th>Messages</th></tr><tr><td><div class="messages">Completed executing following method : ManageTraineeViewTest.traineeView<br/>Test Method resides in pomtest.ManageTraineeViewTest<br/>Test Status: Pass</div></td></tr></table><p class="totop"><a href="#summary">back to summary</a></p><h2>managebatch</h2><h3 id="m135">pomtest.ManageTest#clickCreateBatch</h3><table class="result"><tr><th>Messages</th></tr><tr><td><div class="messages">Completed executing following method : ManageTest.clickCreateBatch<br/>Test Method resides in pomtest.ManageTest<br/>Test Status: Pass</div></td></tr></table><p class="totop"><a href="#summary">back to summary</a></p><h3 id="m136">pomtest.ManageTest#clickImportBatch</h3><table class="result"><tr><th>Messages</th></tr><tr><td><div class="messages">Completed executing following method : ManageTest.clickImportBatch<br/>Test Method resides in pomtest.ManageTest<br/>Test Status: Pass</div></td></tr></table><p class="totop"><a href="#summary">back to summary</a></p><h3 id="m137">pomtest.ManageTest#clickYear</h3><table class="result"><tr><th>Messages</th></tr><tr><td><div class="messages">Completed executing following method : ManageTest.clickYear<br/>Test Method resides in pomtest.ManageTest<br/>Test Status: Pass</div></td></tr></table><p class="totop"><a href="#summary">back to summary</a></p><h2>home</h2><h3 id="m138">pomtest.HomeTest#clickAssessBatch</h3><table class="result"><tr><th>Messages</th></tr><tr><td><div class="messages">Completed executing following method : HomeTest.clickAssessBatch<br/>Test Method resides in pomtest.HomeTest<br/>Test Status: Pass</div></td></tr></table><p class="totop"><a href="#summary">back to summary</a></p><h3 id="m139">pomtest.HomeTest#clickHome</h3><table class="result"><tr><th>Messages</th></tr><tr><td><div class="messages">Completed executing following method : HomeTest.clickHome<br/>Test Method resides in pomtest.HomeTest<br/>Test Status: Pass</div></td></tr></table><p class="totop"><a href="#summary">back to summary</a></p><h3 id="m140">pomtest.HomeTest#clickManageBatch</h3><table class="result"><tr><th>Messages</th></tr><tr><td><div class="messages">Completed executing following method : HomeTest.clickManageBatch<br/>Test Method resides in pomtest.HomeTest<br/>Test Status: Pass</div></td></tr></table><p class="totop"><a href="#summary">back to summary</a></p><h3 id="m141">pomtest.HomeTest#clickReports</h3><table class="result"><tr><th>Messages</th></tr><tr><td><div class="messages">Completed executing following method : HomeTest.clickReports<br/>Test Method resides in pomtest.HomeTest<br/>Test Status: Pass</div></td></tr></table><p class="totop"><a href="#summary">back to summary</a></p><h3 id="m142">pomtest.HomeTest#goHome</h3><table class="result"><tr><th>Messages</th></tr><tr><td><div class="messages">Completed executing following method : HomeTest.goHome<br/>Test Method resides in pomtest.HomeTest<br/>Test Status: Pass</div></td></tr></table><p class="totop"><a href="#summary">back to summary</a></p></body></html>