<?xml version="1.0" encoding="UTF-8"?>
<!-- Generated by org.testng.reporters.JUnitXMLReporter -->
<testsuite hostname="LAPTOP-Q4VAUUHH" name="Default test" tests="98" failures="2" timestamp="27 May 2018 04:22:54 GMT" time="30.997" errors="0">
  <testcase name="inputName" time="0.341" classname="pomtest.ManageCreateTest"/>
  <testcase name="selectTraining" time="0.237" classname="pomtest.ManageCreateTest"/>
  <testcase name="selectTraining" time="0.17" classname="pomtest.ManageCreateTest"/>
  <testcase name="selectTraining" time="0.146" classname="pomtest.ManageCreateTest"/>
  <testcase name="selectTraining" time="0.165" classname="pomtest.ManageCreateTest"/>
  <testcase name="selectSkill" time="0.162" classname="pomtest.ManageCreateTest"/>
  <testcase name="selectSkill" time="0.198" classname="pomtest.ManageCreateTest"/>
  <testcase name="selectSkill" time="0.193" classname="pomtest.ManageCreateTest"/>
  <testcase name="selectSkill" time="0.369" classname="pomtest.ManageCreateTest"/>
  <testcase name="selectSkill" time="0.344" classname="pomtest.ManageCreateTest"/>
  <testcase name="selectSkill" time="0.228" classname="pomtest.ManageCreateTest"/>
  <testcase name="selectSkill" time="0.204" classname="pomtest.ManageCreateTest"/>
  <testcase name="selectSkill" time="0.263" classname="pomtest.ManageCreateTest"/>
  <testcase name="selectSkill" time="0.248" classname="pomtest.ManageCreateTest"/>
  <testcase name="selectSkill" time="0.223" classname="pomtest.ManageCreateTest"/>
  <testcase name="selectSkill" time="0.235" classname="pomtest.ManageCreateTest"/>
  <testcase name="selectSkill" time="0.233" classname="pomtest.ManageCreateTest"/>
  <testcase name="selectSkill" time="0.321" classname="pomtest.ManageCreateTest"/>
  <testcase name="selectSkill" time="0.289" classname="pomtest.ManageCreateTest"/>
  <testcase name="selectSkill" time="0.29" classname="pomtest.ManageCreateTest"/>
  <testcase name="selectLocation" time="0.077" classname="pomtest.ManageCreateTest">
    <failure type="java.util.NoSuchElementException" message="No value present">
      <![CDATA[java.util.NoSuchElementException: No value present
	at java.util.Optional.get(Unknown Source)
	at pom.ManageCreatePom.select(ManageCreatePom.java:78)
	at pom.ManageCreatePom.selectLocation(ManageCreatePom.java:35)
	at pomtest.ManageCreateTest.selectLocation(ManageCreateTest.java:50)
	at sun.reflect.NativeMethodAccessorImpl.invoke0(Native Method)
	at sun.reflect.NativeMethodAccessorImpl.invoke(Unknown Source)
	at sun.reflect.DelegatingMethodAccessorImpl.invoke(Unknown Source)
	at java.lang.reflect.Method.invoke(Unknown Source)
	at org.testng.internal.MethodInvocationHelper.invokeMethod(MethodInvocationHelper.java:86)
	at org.testng.internal.Invoker.invokeMethod(Invoker.java:643)
	at org.testng.internal.Invoker.invokeTestMethod(Invoker.java:820)
	at org.testng.internal.Invoker.invokeTestMethods(Invoker.java:1128)
	at org.testng.internal.TestMethodWorker.invokeTestMethods(TestMethodWorker.java:129)
	at org.testng.internal.TestMethodWorker.run(TestMethodWorker.java:112)
	at org.testng.TestRunner.privateRun(TestRunner.java:782)
	at org.testng.TestRunner.run(TestRunner.java:632)
	at org.testng.SuiteRunner.runTest(SuiteRunner.java:366)
	at org.testng.SuiteRunner.runSequentially(SuiteRunner.java:361)
	at org.testng.SuiteRunner.privateRun(SuiteRunner.java:319)
	at org.testng.SuiteRunner.run(SuiteRunner.java:268)
	at org.testng.SuiteRunnerWorker.runSuite(SuiteRunnerWorker.java:52)
	at org.testng.SuiteRunnerWorker.run(SuiteRunnerWorker.java:86)
	at org.testng.TestNG.runSuitesSequentially(TestNG.java:1244)
	at org.testng.TestNG.runSuitesLocally(TestNG.java:1169)
	at org.testng.TestNG.run(TestNG.java:1064)
	at org.testng.remote.AbstractRemoteTestNG.run(AbstractRemoteTestNG.java:114)
	at org.testng.remote.RemoteTestNG.initAndRun(RemoteTestNG.java:251)
	at org.testng.remote.RemoteTestNG.main(RemoteTestNG.java:77)
]]>
    </failure>
  </testcase> <!-- selectLocation -->
  <testcase name="selectLocation" time="0.043" classname="pomtest.ManageCreateTest">
    <failure type="java.util.NoSuchElementException" message="No value present">
      <![CDATA[java.util.NoSuchElementException: No value present
	at java.util.Optional.get(Unknown Source)
	at pom.ManageCreatePom.select(ManageCreatePom.java:78)
	at pom.ManageCreatePom.selectLocation(ManageCreatePom.java:35)
	at pomtest.ManageCreateTest.selectLocation(ManageCreateTest.java:50)
	at sun.reflect.NativeMethodAccessorImpl.invoke0(Native Method)
	at sun.reflect.NativeMethodAccessorImpl.invoke(Unknown Source)
	at sun.reflect.DelegatingMethodAccessorImpl.invoke(Unknown Source)
	at java.lang.reflect.Method.invoke(Unknown Source)
	at org.testng.internal.MethodInvocationHelper.invokeMethod(MethodInvocationHelper.java:86)
	at org.testng.internal.Invoker.invokeMethod(Invoker.java:643)
	at org.testng.internal.Invoker.invokeTestMethod(Invoker.java:820)
	at org.testng.internal.Invoker.invokeTestMethods(Invoker.java:1128)
	at org.testng.internal.TestMethodWorker.invokeTestMethods(TestMethodWorker.java:129)
	at org.testng.internal.TestMethodWorker.run(TestMethodWorker.java:112)
	at org.testng.TestRunner.privateRun(TestRunner.java:782)
	at org.testng.TestRunner.run(TestRunner.java:632)
	at org.testng.SuiteRunner.runTest(SuiteRunner.java:366)
	at org.testng.SuiteRunner.runSequentially(SuiteRunner.java:361)
	at org.testng.SuiteRunner.privateRun(SuiteRunner.java:319)
	at org.testng.SuiteRunner.run(SuiteRunner.java:268)
	at org.testng.SuiteRunnerWorker.runSuite(SuiteRunnerWorker.java:52)
	at org.testng.SuiteRunnerWorker.run(SuiteRunnerWorker.java:86)
	at org.testng.TestNG.runSuitesSequentially(TestNG.java:1244)
	at org.testng.TestNG.runSuitesLocally(TestNG.java:1169)
	at org.testng.TestNG.run(TestNG.java:1064)
	at org.testng.remote.AbstractRemoteTestNG.run(AbstractRemoteTestNG.java:114)
	at org.testng.remote.RemoteTestNG.initAndRun(RemoteTestNG.java:251)
	at org.testng.remote.RemoteTestNG.main(RemoteTestNG.java:77)
]]>
    </failure>
  </testcase> <!-- selectLocation -->
  <testcase name="selectTrainer" time="0.176" classname="pomtest.ManageCreateTest"/>
  <testcase name="selectTrainer" time="0.185" classname="pomtest.ManageCreateTest"/>
  <testcase name="selectTrainer" time="0.146" classname="pomtest.ManageCreateTest"/>
  <testcase name="selectTrainer" time="0.19" classname="pomtest.ManageCreateTest"/>
  <testcase name="selectTrainer" time="0.195" classname="pomtest.ManageCreateTest"/>
  <testcase name="selectTrainer" time="0.265" classname="pomtest.ManageCreateTest"/>
  <testcase name="selectTrainer" time="0.209" classname="pomtest.ManageCreateTest"/>
  <testcase name="selectTrainer" time="0.377" classname="pomtest.ManageCreateTest"/>
  <testcase name="selectTrainer" time="0.204" classname="pomtest.ManageCreateTest"/>
  <testcase name="selectTrainer" time="0.245" classname="pomtest.ManageCreateTest"/>
  <testcase name="selectTrainer" time="0.291" classname="pomtest.ManageCreateTest"/>
  <testcase name="selectTrainer" time="0.279" classname="pomtest.ManageCreateTest"/>
  <testcase name="selectTrainer" time="0.375" classname="pomtest.ManageCreateTest"/>
  <testcase name="selectTrainer" time="0.573" classname="pomtest.ManageCreateTest"/>
  <testcase name="selectTrainer" time="0.605" classname="pomtest.ManageCreateTest"/>
  <testcase name="selectTrainer" time="0.703" classname="pomtest.ManageCreateTest"/>
  <testcase name="selectTrainer" time="0.577" classname="pomtest.ManageCreateTest"/>
  <testcase name="selectTrainer" time="0.444" classname="pomtest.ManageCreateTest"/>
  <testcase name="selectTrainer" time="0.349" classname="pomtest.ManageCreateTest"/>
  <testcase name="selectTrainer" time="0.436" classname="pomtest.ManageCreateTest"/>
  <testcase name="selectTrainer" time="0.401" classname="pomtest.ManageCreateTest"/>
  <testcase name="selectTrainer" time="0.453" classname="pomtest.ManageCreateTest"/>
  <testcase name="selectTrainer" time="0.596" classname="pomtest.ManageCreateTest"/>
  <testcase name="selectTrainer" time="0.594" classname="pomtest.ManageCreateTest"/>
  <testcase name="selectTrainer" time="0.706" classname="pomtest.ManageCreateTest"/>
  <testcase name="selectTrainer" time="0.498" classname="pomtest.ManageCreateTest"/>
  <testcase name="selectTrainer" time="0.369" classname="pomtest.ManageCreateTest"/>
  <testcase name="selectTrainer" time="0.311" classname="pomtest.ManageCreateTest"/>
  <testcase name="selectTrainer" time="0.326" classname="pomtest.ManageCreateTest"/>
  <testcase name="selectTrainer" time="0.341" classname="pomtest.ManageCreateTest"/>
  <testcase name="selectTrainer" time="0.35" classname="pomtest.ManageCreateTest"/>
  <testcase name="selectTrainer" time="0.361" classname="pomtest.ManageCreateTest"/>
  <testcase name="selectTrainer" time="0.395" classname="pomtest.ManageCreateTest"/>
  <testcase name="selectTrainer" time="0.405" classname="pomtest.ManageCreateTest"/>
  <testcase name="selectTrainer" time="0.433" classname="pomtest.ManageCreateTest"/>
  <testcase name="selectTrainer" time="0.431" classname="pomtest.ManageCreateTest"/>
  <testcase name="selectTrainer" time="0.449" classname="pomtest.ManageCreateTest"/>
  <testcase name="selectTrainer" time="0.409" classname="pomtest.ManageCreateTest"/>
  <testcase name="selectCotrainer" time="0.185" classname="pomtest.ManageCreateTest"/>
  <testcase name="selectCotrainer" time="0.176" classname="pomtest.ManageCreateTest"/>
  <testcase name="selectCotrainer" time="0.16" classname="pomtest.ManageCreateTest"/>
  <testcase name="selectCotrainer" time="0.157" classname="pomtest.ManageCreateTest"/>
  <testcase name="selectCotrainer" time="0.191" classname="pomtest.ManageCreateTest"/>
  <testcase name="selectCotrainer" time="0.222" classname="pomtest.ManageCreateTest"/>
  <testcase name="selectCotrainer" time="0.178" classname="pomtest.ManageCreateTest"/>
  <testcase name="selectCotrainer" time="0.195" classname="pomtest.ManageCreateTest"/>
  <testcase name="selectCotrainer" time="0.214" classname="pomtest.ManageCreateTest"/>
  <testcase name="selectCotrainer" time="0.217" classname="pomtest.ManageCreateTest"/>
  <testcase name="selectCotrainer" time="0.228" classname="pomtest.ManageCreateTest"/>
  <testcase name="selectCotrainer" time="0.247" classname="pomtest.ManageCreateTest"/>
  <testcase name="selectCotrainer" time="0.246" classname="pomtest.ManageCreateTest"/>
  <testcase name="selectCotrainer" time="0.257" classname="pomtest.ManageCreateTest"/>
  <testcase name="selectCotrainer" time="0.275" classname="pomtest.ManageCreateTest"/>
  <testcase name="selectCotrainer" time="0.293" classname="pomtest.ManageCreateTest"/>
  <testcase name="selectCotrainer" time="0.301" classname="pomtest.ManageCreateTest"/>
  <testcase name="selectCotrainer" time="0.304" classname="pomtest.ManageCreateTest"/>
  <testcase name="selectCotrainer" time="0.323" classname="pomtest.ManageCreateTest"/>
  <testcase name="selectCotrainer" time="0.318" classname="pomtest.ManageCreateTest"/>
  <testcase name="selectCotrainer" time="0.263" classname="pomtest.ManageCreateTest"/>
  <testcase name="selectCotrainer" time="0.29" classname="pomtest.ManageCreateTest"/>
  <testcase name="selectCotrainer" time="0.323" classname="pomtest.ManageCreateTest"/>
  <testcase name="selectCotrainer" time="0.357" classname="pomtest.ManageCreateTest"/>
  <testcase name="selectCotrainer" time="0.388" classname="pomtest.ManageCreateTest"/>
  <testcase name="selectCotrainer" time="0.349" classname="pomtest.ManageCreateTest"/>
  <testcase name="selectCotrainer" time="0.323" classname="pomtest.ManageCreateTest"/>
  <testcase name="selectCotrainer" time="0.302" classname="pomtest.ManageCreateTest"/>
  <testcase name="selectCotrainer" time="0.31" classname="pomtest.ManageCreateTest"/>
  <testcase name="selectCotrainer" time="0.352" classname="pomtest.ManageCreateTest"/>
  <testcase name="selectCotrainer" time="0.365" classname="pomtest.ManageCreateTest"/>
  <testcase name="selectCotrainer" time="0.36" classname="pomtest.ManageCreateTest"/>
  <testcase name="selectCotrainer" time="0.39" classname="pomtest.ManageCreateTest"/>
  <testcase name="selectCotrainer" time="0.501" classname="pomtest.ManageCreateTest"/>
  <testcase name="selectCotrainer" time="0.403" classname="pomtest.ManageCreateTest"/>
  <testcase name="selectCotrainer" time="0.429" classname="pomtest.ManageCreateTest"/>
  <testcase name="selectCotrainer" time="0.426" classname="pomtest.ManageCreateTest"/>
  <testcase name="selectCotrainer" time="0.43" classname="pomtest.ManageCreateTest"/>
</testsuite> <!-- Default test -->
